 Squeeze 5 - Near well squeeze treatment simulator

 Case 3s-1 - Matching a Field ADSORPTION Squeeze Inhibitor                     
 Return Data using a Non-Equilibrium Freundlich Model.                         

 This is the SINGLE-LAYER RADIAL model.

 Well Geometry:

           0.50 feet          40 annuli, each  1.9875 feet of radius
          |<------>|
                                                   \    \    \    \
 (        +        )    )    )   . . . . . . . . .  |    |    |    |
                                                   /    /    /    /
 |<-- Well Bore -->|
          |<-------------------  80.00 feet ---------------------->|

 The single layer is  20.00 feet deep, and the rock has0.230 porosity.


 Inhibitor transport is governed by an ADSORPTION process

 The isotherm is of Freundlich type, where the equlibrium adsorption is
 given by                n
            Gamma  =  k.C               where k = 501.10,
                                          and n = 0.4000.

 The adsorption is assumed to behave in a non-equilibrium manner, with the
 rate of return to equilibrium being   0.10000.

 NO RESERVOIR TEMPERATURE SIMULATION


 Stage  Duration    Well Mode   Well  Rate  Well Conc.  Well Temp. 
  No.  (Hours/days)              (Bpm/Bpd)     (ppm)      (deg C)      
 -----  --------  ------------- ---------- -----------  ---------- 
    1      4.75   Inh.Injection       4.00      150000.0     0.0
    2      9.75   Water Inject        4.00           0.0     0.0
    3     12.00   Shut-in             0.00           0.0     0.0
    4      1.50   Production       5383.00           0.0     0.0
    5     31.00   Production       7345.00           0.0     0.0
    6     31.00   Production       8494.00           0.0     0.0
    7     30.00   Production       8617.00           0.0     0.0
    8     31.00   Production       2883.00           0.0     0.0
    9     30.00   Production        826.00           0.0     0.0
   10     31.00   Production       4807.00           0.0     0.0
   11     31.00   Production       7078.00           0.0     0.0
   12     50.00   Production       8781.00           0.0     0.0

 Simulating ...

       Elapsed Time  Well Concentration  Cumulative Production  Recovered   Well Bottomhole Temp.
          (days)            (ppm)             (ppm.bbls)        (percent)        (deg C)
       ------------  ------------------  ---------------------  ---------   --------------------
            0.0042       150000.000                  0.00          0.000          0.000
            0.0083       150000.000                  0.00          0.000          0.000
            0.0125       150000.000                  0.00          0.000          0.000
            0.0167       150000.000                  0.00          0.000          0.000
            0.0208       150000.000                  0.00          0.000          0.000
            0.0250       150000.000                  0.00          0.000          0.000
            0.0292       150000.000                  0.00          0.000          0.000
            0.0333       150000.000                  0.00          0.000          0.000
            0.0375       150000.000                  0.00          0.000          0.000
            0.0417       150000.000                  0.00          0.000          0.000
            0.0458       150000.000                  0.00          0.000          0.000
            0.0500       150000.000                  0.00          0.000          0.000
            0.0542       150000.000                  0.00          0.000          0.000
            0.0583       150000.000                  0.00          0.000          0.000
            0.0625       150000.000                  0.00          0.000          0.000
            0.0667       150000.000                  0.00          0.000          0.000
            0.0708       150000.000                  0.00          0.000          0.000
            0.0750       150000.000                  0.00          0.000          0.000
            0.0792       150000.000                  0.00          0.000          0.000
            0.0833       150000.000                  0.00          0.000          0.000
            0.0875       150000.000                  0.00          0.000          0.000
            0.0917       150000.000                  0.00          0.000          0.000
            0.0958       150000.000                  0.00          0.000          0.000
            0.1000       150000.000                  0.00          0.000          0.000
            0.1042       150000.000                  0.00          0.000          0.000
            0.1083       150000.000                  0.00          0.000          0.000
            0.1125       150000.000                  0.00          0.000          0.000
            0.1167       150000.000                  0.00          0.000          0.000
            0.1208       150000.000                  0.00          0.000          0.000
            0.1250       150000.000                  0.00          0.000          0.000
            0.1292       150000.000                  0.00          0.000          0.000
            0.1333       150000.000                  0.00          0.000          0.000
            0.1375       150000.000                  0.00          0.000          0.000
            0.1417       150000.000                  0.00          0.000          0.000
            0.1458       150000.000                  0.00          0.000          0.000
            0.1500       150000.000                  0.00          0.000          0.000
            0.1542       150000.000                  0.00          0.000          0.000
            0.1583       150000.000                  0.00          0.000          0.000
            0.1625       150000.000                  0.00          0.000          0.000
            0.1667       150000.000                  0.00          0.000          0.000
            0.1708       150000.000                  0.00          0.000          0.000
            0.1750       150000.000                  0.00          0.000          0.000
            0.1792       150000.000                  0.00          0.000          0.000
            0.1833       150000.000                  0.00          0.000          0.000
            0.1875       150000.000                  0.00          0.000          0.000
            0.1917       150000.000                  0.00          0.000          0.000
            0.1958       150000.000                  0.00          0.000          0.000
            0.2000            0.000                  0.00          0.000          0.000
            0.2042            0.000                  0.00          0.000          0.000
            0.2083            0.000                  0.00          0.000          0.000
            0.2125            0.000                  0.00          0.000          0.000
            0.2167            0.000                  0.00          0.000          0.000
            0.2208            0.000                  0.00          0.000          0.000
            0.2250            0.000                  0.00          0.000          0.000
            0.2292            0.000                  0.00          0.000          0.000
            0.2333            0.000                  0.00          0.000          0.000
            0.2375            0.000                  0.00          0.000          0.000
            0.2417            0.000                  0.00          0.000          0.000
            0.2458            0.000                  0.00          0.000          0.000
            0.2500            0.000                  0.00          0.000          0.000
            0.2542            0.000                  0.00          0.000          0.000
            0.2583            0.000                  0.00          0.000          0.000
            0.2625            0.000                  0.00          0.000          0.000
            0.2667            0.000                  0.00          0.000          0.000
            0.2708            0.000                  0.00          0.000          0.000
            0.2750            0.000                  0.00          0.000          0.000
            0.2792            0.000                  0.00          0.000          0.000
            0.2833            0.000                  0.00          0.000          0.000
            0.2875            0.000                  0.00          0.000          0.000
            0.2917            0.000                  0.00          0.000          0.000
            0.2958            0.000                  0.00          0.000          0.000
            0.3000            0.000                  0.00          0.000          0.000
            0.3042            0.000                  0.00          0.000          0.000
            0.3083            0.000                  0.00          0.000          0.000
            0.3125            0.000                  0.00          0.000          0.000
            0.3167            0.000                  0.00          0.000          0.000
            0.3208            0.000                  0.00          0.000          0.000
            0.3250            0.000                  0.00          0.000          0.000
            0.3292            0.000                  0.00          0.000          0.000
            0.3333            0.000                  0.00          0.000          0.000
            0.3375            0.000                  0.00          0.000          0.000
            0.3417            0.000                  0.00          0.000          0.000
            0.3458            0.000                  0.00          0.000          0.000
            0.3500            0.000                  0.00          0.000          0.000
            0.3542            0.000                  0.00          0.000          0.000
            0.3583            0.000                  0.00          0.000          0.000
            0.3625            0.000                  0.00          0.000          0.000
            0.3667            0.000                  0.00          0.000          0.000
            0.3708            0.000                  0.00          0.000          0.000
            0.3750            0.000                  0.00          0.000          0.000
            0.3792            0.000                  0.00          0.000          0.000
            0.3833            0.000                  0.00          0.000          0.000
            0.3875            0.000                  0.00          0.000          0.000
            0.3917            0.000                  0.00          0.000          0.000
            0.3958            0.000                  0.00          0.000          0.000
            0.4000            0.000                  0.00          0.000          0.000
            0.4042            0.000                  0.00          0.000          0.000
            0.4083            0.000                  0.00          0.000          0.000
            0.4125            0.000                  0.00          0.000          0.000
            0.4167            0.000                  0.00          0.000          0.000
            0.4208            0.000                  0.00          0.000          0.000
            0.4250            0.000                  0.00          0.000          0.000
            0.4292            0.000                  0.00          0.000          0.000
            0.4333            0.000                  0.00          0.000          0.000
            0.4375            0.000                  0.00          0.000          0.000
            0.4417            0.000                  0.00          0.000          0.000
            0.4458            0.000                  0.00          0.000          0.000
            0.4500            0.000                  0.00          0.000          0.000
            0.4542            0.000                  0.00          0.000          0.000
            0.4583            0.000                  0.00          0.000          0.000
            0.4625            0.000                  0.00          0.000          0.000
            0.4667            0.000                  0.00          0.000          0.000
            0.4708            0.000                  0.00          0.000          0.000
            0.4750            0.000                  0.00          0.000          0.000
            0.4792            0.000                  0.00          0.000          0.000
            0.4833            0.000                  0.00          0.000          0.000
            0.4875            0.000                  0.00          0.000          0.000
            0.4917            0.000                  0.00          0.000          0.000
            0.4958            0.000                  0.00          0.000          0.000
            0.5000            0.000                  0.00          0.000          0.000
            0.5042            0.000                  0.00          0.000          0.000
            0.5083            0.000                  0.00          0.000          0.000
            0.5125            0.000                  0.00          0.000          0.000
            0.5167            0.000                  0.00          0.000          0.000
            0.5208            0.000                  0.00          0.000          0.000
            0.5250            0.000                  0.00          0.000          0.000
            0.5292            0.000                  0.00          0.000          0.000
            0.5333            0.000                  0.00          0.000          0.000
            0.5375            0.000                  0.00          0.000          0.000
            0.5417            0.000                  0.00          0.000          0.000
            0.5458            0.000                  0.00          0.000          0.000
            0.5500            0.000                  0.00          0.000          0.000
            0.5542            0.000                  0.00          0.000          0.000
            0.5583            0.000                  0.00          0.000          0.000
            0.5625            0.000                  0.00          0.000          0.000
            0.5667            0.000                  0.00          0.000          0.000
            0.5708            0.000                  0.00          0.000          0.000
            0.5750            0.000                  0.00          0.000          0.000
            0.5792            0.000                  0.00          0.000          0.000
            0.5833            0.000                  0.00          0.000          0.000
            0.5875            0.000                  0.00          0.000          0.000
            0.5917            0.000                  0.00          0.000          0.000
            0.5958            0.000                  0.00          0.000          0.000
            0.6000            0.000                  0.00          0.000          0.000
            0.6042            0.000                  0.00          0.000          0.000
            0.6083            0.000                  0.00          0.000          0.000
            0.6125            0.000                  0.00          0.000          0.000
            0.6167            0.000                  0.00          0.000          0.000
            0.6208            0.000                  0.00          0.000          0.000
            0.6250            0.000                  0.00          0.000          0.000
            0.6292            0.000                  0.00          0.000          0.000
            0.6333            0.000                  0.00          0.000          0.000
            0.6375            0.000                  0.00          0.000          0.000
            0.6417            0.000                  0.00          0.000          0.000
            0.6458            0.000                  0.00          0.000          0.000
            0.6500            0.000                  0.00          0.000          0.000
            0.6542            0.000                  0.00          0.000          0.000
            0.6583            0.000                  0.00          0.000          0.000
            0.6625            0.000                  0.00          0.000          0.000
            0.6667            0.000                  0.00          0.000          0.000
            0.6708            0.000                  0.00          0.000          0.000
            0.6750            0.000                  0.00          0.000          0.000
            0.6792            0.000                  0.00          0.000          0.000
            0.6833            0.000                  0.00          0.000          0.000
            0.6875            0.000                  0.00          0.000          0.000
            0.6917            0.000                  0.00          0.000          0.000
            0.6958            0.000                  0.00          0.000          0.000
            0.7000            0.000                  0.00          0.000          0.000
            0.7042            0.000                  0.00          0.000          0.000
            0.7083            0.000                  0.00          0.000          0.000
            0.7125            0.000                  0.00          0.000          0.000
            0.7167            0.000                  0.00          0.000          0.000
            0.7208            0.000                  0.00          0.000          0.000
            0.7250            0.000                  0.00          0.000          0.000
            0.7292            0.000                  0.00          0.000          0.000
            0.7333            0.000                  0.00          0.000          0.000
            0.7375            0.000                  0.00          0.000          0.000
            0.7417            0.000                  0.00          0.000          0.000
            0.7458            0.000                  0.00          0.000          0.000
            0.7500            0.000                  0.00          0.000          0.000
            0.7542            0.000                  0.00          0.000          0.000
            0.7583            0.000                  0.00          0.000          0.000
            0.7625            0.000                  0.00          0.000          0.000
            0.7667            0.000                  0.00          0.000          0.000
            0.7708            0.000                  0.00          0.000          0.000
            0.7750            0.000                  0.00          0.000          0.000
            0.7792            0.000                  0.00          0.000          0.000
            0.7833            0.000                  0.00          0.000          0.000
            0.7875            0.000                  0.00          0.000          0.000
            0.7917            0.000                  0.00          0.000          0.000
            0.7958            0.000                  0.00          0.000          0.000
            0.8000            0.000                  0.00          0.000          0.000
            0.8042            0.000                  0.00          0.000          0.000
            0.8083            0.000                  0.00          0.000          0.000
            0.8125            0.000                  0.00          0.000          0.000
            0.8167            0.000                  0.00          0.000          0.000
            0.8208            0.000                  0.00          0.000          0.000
            0.8250            0.000                  0.00          0.000          0.000
            0.8292            0.000                  0.00          0.000          0.000
            0.8333            0.000                  0.00          0.000          0.000
            0.8375            0.000                  0.00          0.000          0.000
            0.8417            0.000                  0.00          0.000          0.000
            0.8458            0.000                  0.00          0.000          0.000
            0.8500            0.000                  0.00          0.000          0.000
            0.8542            0.000                  0.00          0.000          0.000
            0.8583            0.000                  0.00          0.000          0.000
            0.8625            0.000                  0.00          0.000          0.000
            0.8667            0.000                  0.00          0.000          0.000
            0.8708            0.000                  0.00          0.000          0.000
            0.8750            0.000                  0.00          0.000          0.000
            0.8792            0.000                  0.00          0.000          0.000
            0.8833            0.000                  0.00          0.000          0.000
            0.8875            0.000                  0.00          0.000          0.000
            0.8917            0.000                  0.00          0.000          0.000
            0.8958            0.000                  0.00          0.000          0.000
            0.9000            0.000                  0.00          0.000          0.000
            0.9042            0.000                  0.00          0.000          0.000
            0.9083            0.000                  0.00          0.000          0.000
            0.9125            0.000                  0.00          0.000          0.000
            0.9167            0.000                  0.00          0.000          0.000
            0.9208            0.000                  0.00          0.000          0.000
            0.9250            0.000                  0.00          0.000          0.000
            0.9292            0.000                  0.00          0.000          0.000
            0.9333            0.000                  0.00          0.000          0.000
            0.9375            0.000                  0.00          0.000          0.000
            0.9417            0.000                  0.00          0.000          0.000
            0.9458            0.000                  0.00          0.000          0.000
            0.9500            0.000                  0.00          0.000          0.000
            0.9542            0.000                  0.00          0.000          0.000
            0.9583            0.000                  0.00          0.000          0.000
            0.9625            0.000                  0.00          0.000          0.000
            0.9667            0.000                  0.00          0.000          0.000
            0.9708            0.000                  0.00          0.000          0.000
            0.9750            0.000                  0.00          0.000          0.000
            0.9792            0.000                  0.00          0.000          0.000
            0.9833            0.000                  0.00          0.000          0.000
            0.9875            0.000                  0.00          0.000          0.000
            0.9917            0.000                  0.00          0.000          0.000
            0.9958            0.000                  0.00          0.000          0.000
            1.0000            0.000                  0.00          0.000          0.000
            1.0042            0.000                  0.00          0.000          0.000
            1.0083            0.000                  0.00          0.000          0.000
            1.0125            0.000                  0.00          0.000          0.000
            1.0167            0.000                  0.00          0.000          0.000
            1.0208            0.000                  0.00          0.000          0.000
            1.0250            0.000                  0.00          0.000          0.000
            1.0292            0.000                  0.00          0.000          0.000
            1.0333            0.000                  0.00          0.000          0.000
            1.0375            0.000                  0.00          0.000          0.000
            1.0417            0.000                  0.00          0.000          0.000
            1.0458            0.000                  0.00          0.000          0.000
            1.0500            0.000                  0.00          0.000          0.000
            1.0542            0.000                  0.00          0.000          0.000
            1.0583            0.000                  0.00          0.000          0.000
            1.0625            0.000                  0.00          0.000          0.000
            1.0667            0.000                  0.00          0.000          0.000
            1.0708            0.000                  0.00          0.000          0.000
            1.0750            0.000                  0.00          0.000          0.000
            1.0792            0.000                  0.00          0.000          0.000
            1.0833            0.000                  0.00          0.000          0.000
            1.0875            0.000                  0.00          0.000          0.000
            1.0917            0.000                  0.00          0.000          0.000
            1.0958            0.000                  0.00          0.000          0.000
            1.1000            0.000                  0.00          0.000          0.000
            1.1042            0.000                  0.00          0.000          0.000
            1.1850           50.978               7470.24          0.004          0.000
            1.2850         3401.973             566771.64          0.331          0.000
            1.3850        17425.917            5746804.84          3.361          0.000
            1.4850        33784.035           19757230.14         11.554          0.000
            1.5850        40750.897           40348163.88         23.595          0.000
            1.6850        37051.642           61669065.38         36.064          0.000
            1.7850        27763.914           79234102.16         46.336          0.000
            1.8850        17915.380           91474480.78         53.494          0.000
            1.9850        10150.032           98909794.19         57.842          0.000
            2.0850         5074.315          102892975.65         60.171          0.000
            2.1850         2244.917          104779415.33         61.275          0.000
            2.2850          911.734          105579083.09         61.742          0.000
            2.3850          396.257          105907100.90         61.934          0.000
            2.4850          234.623          106068076.64         62.028          0.000
            2.5850          191.062          106180099.58         62.094          0.000
            2.6850          181.825          106304866.46         62.167          0.000
            2.7850          178.703          106437375.53         62.244          0.000
            2.8850          173.401          106566761.46         62.320          0.000
            2.9850          168.477          106692216.05         62.393          0.000
            3.0850          165.458          106814739.36         62.465          0.000
            3.1850          163.934          106935643.45         62.535          0.000
            3.2850          163.139          107055734.67         62.606          0.000
            3.3850          162.608          107175356.82         62.676          0.000
            3.4850          162.154          107294623.54         62.745          0.000
            3.5850          161.720          107413565.82         62.815          0.000
            3.6850          161.290          107532191.10         62.884          0.000
            3.7850          160.862          107650501.27         62.954          0.000
            3.8850          160.434          107768497.08         63.023          0.000
            3.9850          160.007          107886179.08         63.091          0.000
            4.0850          159.581          108003547.80         63.160          0.000
            4.1850          159.156          108120603.75         63.228          0.000
            4.2850          158.731          108237347.47         63.297          0.000
            4.3850          158.307          108353779.48         63.365          0.000
            4.4850          157.884          108469900.32         63.433          0.000
            4.5850          157.461          108585710.53         63.500          0.000
            4.6850          157.039          108701210.65         63.568          0.000
            4.7850          156.618          108816401.23         63.635          0.000
            4.8850          156.198          108931282.81         63.703          0.000
            4.9850          155.778          109045855.97         63.770          0.000
            5.0850          155.359          109160121.25         63.836          0.000
            5.1850          154.941          109274079.22         63.903          0.000
            5.2850          154.524          109387730.44         63.969          0.000
            5.3850          154.108          109501075.49         64.036          0.000
            5.4850          153.692          109614114.94         64.102          0.000
            5.5850          153.277          109726849.37         64.168          0.000
            5.6850          152.863          109839279.37         64.233          0.000
            5.7850          152.450          109951405.50         64.299          0.000
            5.8850          152.037          110063228.37         64.364          0.000
            5.9850          151.626          110174748.57         64.430          0.000
            6.0850          151.215          110285966.68         64.495          0.000
            6.1850          150.805          110396883.32         64.560          0.000
            6.2850          150.396          110507499.06         64.624          0.000
            6.3850          149.987          110617814.54         64.689          0.000
            6.4850          149.580          110727830.33         64.753          0.000
            6.5850          149.173          110837547.07         64.817          0.000
            6.6850          148.767          110946965.36         64.881          0.000
            6.7850          148.362          111056085.81         64.945          0.000
            6.8850          147.958          111164909.04         65.009          0.000
            6.9850          147.554          111273435.67         65.072          0.000
            7.0850          147.152          111381666.34         65.135          0.000
            7.1850          146.750          111489601.65         65.199          0.000
            7.2850          146.349          111597242.23         65.262          0.000
            7.3850          145.949          111704588.73         65.324          0.000
            7.4850          145.550          111811641.77         65.387          0.000
            7.5850          145.152          111918401.98         65.449          0.000
            7.6850          144.754          112024870.00         65.512          0.000
            7.7850          144.358          112131046.47         65.574          0.000
            7.8850          143.962          112236932.03         65.636          0.000
            7.9850          143.568          112342527.32         65.697          0.000
            8.0850          143.174          112447832.99         65.759          0.000
            8.1850          142.781          112552849.69         65.820          0.000
            8.2850          142.389          112657578.06         65.882          0.000
            8.3850          141.997          112762018.75         65.943          0.000
            8.4850          141.607          112866172.42         66.004          0.000
            8.5850          141.218          112970039.72         66.064          0.000
            8.6850          140.829          113073621.30         66.125          0.000
            8.7850          140.441          113176917.82         66.185          0.000
            8.8850          140.055          113279929.94         66.246          0.000
            8.9850          139.669          113382658.32         66.306          0.000
            9.0850          139.284          113485103.62         66.366          0.000
            9.1850          138.900          113587266.51         66.425          0.000
            9.2850          138.517          113689147.64         66.485          0.000
            9.3850          138.134          113790747.69         66.544          0.000
            9.4850          137.753          113892067.31         66.604          0.000
            9.5850          137.373          113993107.19         66.663          0.000
            9.6850          136.993          114093867.98         66.722          0.000
            9.7850          136.615          114194350.36         66.780          0.000
            9.8850          136.237          114294554.99         66.839          0.000
            9.9850          135.860          114394482.56         66.897          0.000
           10.0850          135.484          114494133.72         66.956          0.000
           10.1850          135.109          114593509.17         67.014          0.000
           10.2850          134.735          114692609.57         67.072          0.000
           10.3850          134.362          114791435.60         67.129          0.000
           10.4850          133.990          114889987.93         67.187          0.000
           10.5850          133.619          114988267.25         67.245          0.000
           10.6850          133.249          115086274.23         67.302          0.000
           10.7850          132.879          115184009.55         67.359          0.000
           10.8850          132.511          115281473.89         67.416          0.000
           10.9850          132.143          115378667.93         67.473          0.000
           11.0850          131.777          115475592.35         67.530          0.000
           11.1850          131.411          115572247.84         67.586          0.000
           11.2850          131.046          115668635.07         67.642          0.000
           11.3850          130.682          115764754.73         67.699          0.000
           11.4850          130.319          115860607.50         67.755          0.000
           11.5850          129.957          115956194.07         67.811          0.000
           11.6850          129.596          116051515.12         67.866          0.000
           11.7850          129.236          116146571.32         67.922          0.000
           11.8850          128.877          116241363.38         67.977          0.000
           11.9850          128.519          116335891.97         68.033          0.000
           12.0850          128.162          116430157.77         68.088          0.000
           12.1850          127.805          116524161.48         68.143          0.000
           12.2850          127.450          116617903.77         68.198          0.000
           12.3850          127.095          116711385.34         68.252          0.000
           12.4850          126.742          116804606.87         68.307          0.000
           12.5850          126.389          116897569.05         68.361          0.000
           12.6850          126.037          116990272.55         68.415          0.000
           12.7850          125.687          117082718.07         68.469          0.000
           12.8850          125.337          117174906.30         68.523          0.000
           12.9850          124.988          117266837.92         68.577          0.000
           13.0850          124.640          117358513.61         68.631          0.000
           13.1850          124.293          117449934.06         68.684          0.000
           13.2850          123.947          117541099.96         68.737          0.000
           13.3850          123.602          117632012.00         68.791          0.000
           13.4850          123.257          117722670.85         68.844          0.000
           13.5850          122.914          117813077.20         68.897          0.000
           13.6850          122.572          117903231.75         68.949          0.000
           13.7850          122.230          117993135.17         69.002          0.000
           13.8850          121.890          118082788.15         69.054          0.000
           13.9850          121.550          118172191.37         69.107          0.000
           14.0850          121.211          118261345.52         69.159          0.000
           14.1850          120.874          118350251.29         69.211          0.000
           14.2850          120.537          118438909.34         69.263          0.000
           14.3850          120.201          118527320.38         69.314          0.000
           14.4850          119.866          118615485.07         69.366          0.000
           14.5850          119.532          118703404.11         69.417          0.000
           14.6850          119.199          118791078.18         69.468          0.000
           14.7850          118.867          118878507.95         69.520          0.000
           14.8850          118.536          118965694.11         69.571          0.000
           14.9850          118.206          119052637.33         69.621          0.000
           15.0850          117.876          119139338.31         69.672          0.000
           15.1850          117.548          119225797.71         69.723          0.000
           15.2850          117.220          119312016.21         69.773          0.000
           15.3850          116.894          119397994.51         69.823          0.000
           15.4850          116.568          119483733.26         69.874          0.000
           15.5850          116.243          119569233.15         69.924          0.000
           15.6850          115.919          119654494.86         69.973          0.000
           15.7850          115.597          119739519.06         70.023          0.000
           15.8850          115.275          119824306.43         70.073          0.000
           15.9850          114.954          119908857.63         70.122          0.000
           16.0850          114.633          119993173.35         70.171          0.000
           16.1850          114.314          120077254.26         70.221          0.000
           16.2850          113.996          120161101.03         70.270          0.000
           16.3850          113.678          120244714.33         70.319          0.000
           16.4850          113.362          120328094.83         70.367          0.000
           16.5850          113.046          120411243.20         70.416          0.000
           16.6850          112.732          120494160.11         70.464          0.000
           16.7850          112.418          120576846.23         70.513          0.000
           16.8850          112.105          120659302.23         70.561          0.000
           16.9850          111.793          120741528.77         70.609          0.000
           17.0850          111.482          120823526.51         70.657          0.000
           17.1850          111.172          120905296.13         70.705          0.000
           17.2850          110.863          120986838.29         70.753          0.000
           17.3850          110.554          121068153.65         70.800          0.000
           17.4850          110.247          121149242.86         70.848          0.000
           17.5850          109.940          121230106.61         70.895          0.000
           17.6850          109.635          121310745.53         70.942          0.000
           17.7850          109.330          121391160.29         70.989          0.000
           17.8850          109.026          121471351.56         71.036          0.000
           17.9850          108.723          121551319.98         71.083          0.000
           18.0850          108.421          121631066.22         71.129          0.000
           18.1850          108.120          121710590.93         71.176          0.000
           18.2850          107.820          121789894.75         71.222          0.000
           18.3850          107.520          121868978.36         71.268          0.000
           18.4850          107.222          121947842.39         71.315          0.000
           18.5850          106.924          122026487.50         71.361          0.000
           18.6850          106.628          122104914.33         71.406          0.000
           18.7850          106.332          122183123.55         71.452          0.000
           18.8850          106.037          122261115.79         71.498          0.000
           18.9850          105.743          122338891.70         71.543          0.000
           19.0850          105.449          122416451.93         71.589          0.000
           19.1850          105.157          122493797.11         71.634          0.000
           19.2850          104.866          122570927.91         71.679          0.000
           19.3850          104.575          122647844.94         71.724          0.000
           19.4850          104.285          122724548.87         71.769          0.000
           19.5850          103.996          122801040.32         71.813          0.000
           19.6850          103.709          122877319.93         71.858          0.000
           19.7850          103.421          122953388.35         71.903          0.000
           19.8850          103.135          123029246.21         71.947          0.000
           19.9850          102.850          123104894.13         71.991          0.000
           20.0850          102.565          123180332.77         72.035          0.000
           20.1850          102.282          123255562.74         72.079          0.000
           20.2850          101.999          123330584.68         72.123          0.000
           20.3850          101.717          123405399.23         72.167          0.000
           20.4850          101.436          123480007.00         72.211          0.000
           20.5850          101.156          123554408.62         72.254          0.000
           20.6850          100.876          123628604.73         72.297          0.000
           20.7850          100.598          123702595.94         72.341          0.000
           20.8850          100.320          123776382.89         72.384          0.000
           20.9850          100.043          123849966.19         72.427          0.000
           21.0850           99.767          123923346.46         72.470          0.000
           21.1850           99.492          123996524.32         72.513          0.000
           21.2850           99.218          124069500.39         72.555          0.000
           21.3850           98.944          124142275.30         72.598          0.000
           21.4850           98.672          124214849.64         72.640          0.000
           21.5850           98.400          124287224.05         72.683          0.000
           21.6850           98.129          124359399.12         72.725          0.000
           21.7850           97.859          124431375.48         72.767          0.000
           21.8850           97.589          124503153.74         72.809          0.000
           21.9850           97.321          124574734.49         72.851          0.000
           22.0850           97.053          124646118.36         72.892          0.000
           22.1850           96.786          124717305.94         72.934          0.000
           22.2850           96.520          124788297.84         72.976          0.000
           22.3850           96.255          124859094.67         73.017          0.000
           22.4850           95.991          124929697.03         73.058          0.000
           22.5850           95.727          125000105.51         73.099          0.000
           22.6850           95.465          125070320.72         73.141          0.000
           22.7850           95.203          125140343.25         73.181          0.000
           22.8850           94.942          125210173.71         73.222          0.000
           22.9850           94.681          125279812.68         73.263          0.000
           23.0850           94.422          125349260.76         73.304          0.000
           23.1850           94.163          125418518.55         73.344          0.000
           23.2850           93.905          125487586.63         73.385          0.000
           23.3850           93.648          125556465.59         73.425          0.000
           23.4850           93.392          125625156.03         73.465          0.000
           23.5850           93.136          125693658.52         73.505          0.000
           23.6850           92.882          125761973.66         73.545          0.000
           23.7850           92.628          125830102.02         73.585          0.000
           23.8850           92.375          125898044.20         73.625          0.000
           23.9850           92.122          125965800.76         73.664          0.000
           24.0850           91.871          126033372.29         73.704          0.000
           24.1850           91.620          126100759.38         73.743          0.000
           24.2850           91.370          126167962.58         73.782          0.000
           24.3850           91.121          126234982.49         73.822          0.000
           24.4850           90.873          126301819.67         73.861          0.000
           24.5850           90.625          126368474.69         73.900          0.000
           24.6850           90.378          126434948.14         73.939          0.000
           24.7850           90.132          126501240.56         73.977          0.000
           24.8850           89.887          126567352.55         74.016          0.000
           24.9850           89.642          126633284.65         74.055          0.000
           25.0850           89.399          126699037.43         74.093          0.000
           25.1850           89.156          126764611.47         74.131          0.000
           25.2850           88.913          126830007.32         74.170          0.000
           25.3850           88.672          126895225.53         74.208          0.000
           25.4850           88.431          126960266.68         74.246          0.000
           25.5850           88.191          127025131.32         74.284          0.000
           25.6850           87.952          127089820.00         74.322          0.000
           25.7850           87.714          127154333.27         74.359          0.000
           25.8850           87.476          127218671.70         74.397          0.000
           25.9850           87.239          127282835.83         74.434          0.000
           26.0850           87.003          127346826.22         74.472          0.000
           26.1850           86.768          127410643.41         74.509          0.000
           26.2850           86.533          127474287.94         74.546          0.000
           26.3850           86.299          127537760.37         74.583          0.000
           26.4850           86.066          127601061.24         74.621          0.000
           26.5850           85.833          127664191.10         74.657          0.000
           26.6850           85.602          127727150.47         74.694          0.000
           26.7850           85.371          127789939.91         74.731          0.000
           26.8850           85.140          127852559.95         74.768          0.000
           26.9850           84.911          127915011.13         74.804          0.000
           27.0850           84.682          127977293.98         74.841          0.000
           27.1850           84.454          128039409.04         74.877          0.000
           27.2850           84.226          128101356.84         74.913          0.000
           27.3850           84.000          128163137.90         74.949          0.000
           27.4850           83.774          128224752.77         74.985          0.000
           27.5850           83.549          128286201.97         75.021          0.000
           27.6850           83.324          128347486.02         75.057          0.000
           27.7850           83.100          128408605.44         75.093          0.000
           27.8850           82.877          128469560.77         75.128          0.000
           27.9850           82.655          128530352.52         75.164          0.000
           28.0850           82.433          128590981.22         75.199          0.000
           28.1850           82.212          128651447.38         75.235          0.000
           28.2850           81.992          128711751.52         75.270          0.000
           28.3850           81.773          128771894.16         75.305          0.000
           28.4850           81.554          128831875.81         75.340          0.000
           28.5850           81.336          128891696.98         75.375          0.000
           28.6850           81.118          128951358.19         75.410          0.000
           28.7850           80.902          129010859.94         75.445          0.000
           28.8850           80.686          129070202.75         75.480          0.000
           28.9850           80.470          129129387.11         75.514          0.000
           29.0850           80.255          129188413.55         75.549          0.000
           29.1850           80.041          129247282.55         75.583          0.000
           29.2850           79.828          129305994.62         75.618          0.000
           29.3850           79.616          129364550.27         75.652          0.000
           29.4850           79.404          129422950.00         75.686          0.000
           29.5850           79.192          129481194.29         75.720          0.000
           29.6850           78.982          129539283.65         75.754          0.000
           29.7850           78.772          129597218.58         75.788          0.000
           29.8850           78.563          129654999.56         75.822          0.000
           29.9850           78.354          129712627.09         75.855          0.000
           30.0850           78.146          129770101.66         75.889          0.000
           30.1850           77.939          129827423.76         75.922          0.000
           30.2850           77.732          129884593.88         75.956          0.000
           30.3850           77.526          129941612.50         75.989          0.000
           30.4850           77.321          129998480.11         76.023          0.000
           30.5850           77.116          130055197.19         76.056          0.000
           30.6850           76.912          130111764.22         76.089          0.000
           30.7850           76.709          130168181.69         76.122          0.000
           30.8850           76.506          130224450.07         76.155          0.000
           30.9850           76.304          130280569.84         76.187          0.000
           31.0850           76.103          130336541.47         76.220          0.000
           31.1850           75.902          130392365.45         76.253          0.000
           31.2850           75.702          130448042.23         76.285          0.000
           31.3850           75.503          130503572.31         76.318          0.000
           31.4850           75.304          130558956.14         76.350          0.000
           31.5850           75.106          130614194.19         76.383          0.000
           31.6850           74.908          130669286.94         76.415          0.000
           31.7850           74.712          130724234.85         76.447          0.000
           31.8850           74.515          130779038.37         76.479          0.000
           31.9850           74.320          130833697.99         76.511          0.000
           32.0850           74.125          130888214.14         76.543          0.000
           32.1850           73.930          130942587.31         76.575          0.000
           32.2850           73.737          130996817.94         76.606          0.000
           32.3850           73.543          131050906.50         76.638          0.000
           32.4850           73.351          131104853.43         76.670          0.000
           32.5850           73.159          131158659.19         76.701          0.000
           32.6850           72.968          131212324.25         76.732          0.000
           32.7850           72.777          131265849.04         76.764          0.000
           32.8850           72.587          131319234.01         76.795          0.000
           32.9850           72.398          131372479.63         76.826          0.000
           33.0850           72.209          131425586.33         76.857          0.000
           33.1850           72.021          131478554.55         76.888          0.000
           33.2850           71.833          131531384.75         76.919          0.000
           33.3850           71.646          131584077.37         76.950          0.000
           33.4850           71.460          131636632.85         76.980          0.000
           33.5850           71.274          131689051.63         77.011          0.000
           33.6850           70.222          131746011.32         77.044          0.000
           33.7850           68.980          131805096.63         77.079          0.000
           33.8850           68.211          131863330.94         77.113          0.000
           33.9850           67.793          131921074.40         77.147          0.000
           34.0850           67.536          131978542.12         77.180          0.000
           34.1850           67.329          132035817.60         77.214          0.000
           34.2850           67.133          132092923.41         77.247          0.000
           34.3850           66.940          132149864.34         77.281          0.000
           34.4850           66.748          132206641.60         77.314          0.000
           34.5850           66.556          132263255.87         77.347          0.000
           34.6850           66.366          132319707.76         77.380          0.000
           34.7850           66.175          132375997.85         77.413          0.000
           34.8850           65.986          132432126.76         77.446          0.000
           34.9850           65.797          132488095.06         77.478          0.000
           35.0850           65.609          132543903.35         77.511          0.000
           35.1850           65.422          132599552.21         77.544          0.000
           35.2850           65.235          132655042.24         77.576          0.000
           35.3850           65.049          132710374.01         77.608          0.000
           35.4850           64.864          132765548.10         77.641          0.000
           35.5850           64.679          132820565.10         77.673          0.000
           35.6850           64.495          132875425.57         77.705          0.000
           35.7850           64.312          132930130.09         77.737          0.000
           35.8850           64.130          132984679.24         77.769          0.000
           35.9850           63.948          133039073.57         77.801          0.000
           36.0850           63.766          133093313.67         77.832          0.000
           36.1850           63.586          133147400.08         77.864          0.000
           36.2850           63.406          133201333.37         77.896          0.000
           36.3850           63.227          133255114.11         77.927          0.000
           36.4850           63.048          133308742.84         77.958          0.000
           36.5850           62.870          133362220.13         77.990          0.000
           36.6850           62.693          133415546.52         78.021          0.000
           36.7850           62.516          133468722.57         78.052          0.000
           36.8850           62.340          133521748.83         78.083          0.000
           36.9850           62.165          133574625.83         78.114          0.000
           37.0850           61.990          133627354.13         78.145          0.000
           37.1850           61.816          133679934.26         78.175          0.000
           37.2850           61.642          133732366.77         78.206          0.000
           37.3850           61.469          133784652.19         78.237          0.000
           37.4850           61.297          133836791.06         78.267          0.000
           37.5850           61.126          133888783.90         78.298          0.000
           37.6850           60.955          133940631.25         78.328          0.000
           37.7850           60.784          133992333.64         78.358          0.000
           37.8850           60.614          134043891.60         78.388          0.000
           37.9850           60.445          134095305.64         78.418          0.000
           38.0850           60.277          134146576.29         78.448          0.000
           38.1850           60.109          134197704.07         78.478          0.000
           38.2850           59.942          134248689.49         78.508          0.000
           38.3850           59.775          134299533.08         78.538          0.000
           38.4850           59.609          134350235.34         78.567          0.000
           38.5850           59.443          134400796.79         78.597          0.000
           38.6850           59.279          134451217.93         78.626          0.000
           38.7850           59.114          134501499.28         78.656          0.000
           38.8850           58.951          134551641.34         78.685          0.000
           38.9850           58.787          134601644.60         78.714          0.000
           39.0850           58.625          134651509.58         78.744          0.000
           39.1850           58.463          134701236.77         78.773          0.000
           39.2850           58.302          134750826.67         78.802          0.000
           39.3850           58.141          134800279.77         78.831          0.000
           39.4850           57.981          134849596.56         78.859          0.000
           39.5850           57.821          134898777.54         78.888          0.000
           39.6850           57.662          134947823.20         78.917          0.000
           39.7850           57.504          134996734.01         78.945          0.000
           39.8850           57.346          135045510.48         78.974          0.000
           39.9850           57.188          135094153.07         79.002          0.000
           40.0850           57.032          135142662.27         79.031          0.000
           40.1850           56.875          135191038.56         79.059          0.000
           40.2850           56.720          135239282.42         79.087          0.000
           40.3850           56.565          135287394.32         79.115          0.000
           40.4850           56.410          135335374.74         79.143          0.000
           40.5850           56.256          135383224.14         79.171          0.000
           40.6850           56.103          135430942.99         79.199          0.000
           40.7850           55.950          135478531.77         79.227          0.000
           40.8850           55.798          135525990.93         79.255          0.000
           40.9850           55.646          135573320.95         79.283          0.000
           41.0850           55.495          135620522.28         79.310          0.000
           41.1850           55.344          135667595.38         79.338          0.000
           41.2850           55.194          135714540.71         79.365          0.000
           41.3850           55.044          135761358.73         79.393          0.000
           41.4850           54.895          135808049.88         79.420          0.000
           41.5850           54.747          135854614.64         79.447          0.000
           41.6850           54.599          135901053.43         79.474          0.000
           41.7850           54.451          135947366.72         79.501          0.000
           41.8850           54.304          135993554.95         79.528          0.000
           41.9850           54.158          136039618.56         79.555          0.000
           42.0850           54.012          136085558.00         79.582          0.000
           42.1850           53.866          136131373.71         79.609          0.000
           42.2850           53.721          136177066.13         79.636          0.000
           42.3850           53.577          136222635.69         79.662          0.000
           42.4850           53.433          136268082.84         79.689          0.000
           42.5850           53.290          136313408.00         79.715          0.000
           42.6850           53.147          136358611.61         79.742          0.000
           42.7850           53.005          136403694.11         79.768          0.000
           42.8850           52.863          136448655.91         79.795          0.000
           42.9850           52.721          136493497.45         79.821          0.000
           43.0850           52.581          136538219.15         79.847          0.000
           43.1850           52.440          136582821.44         79.873          0.000
           43.2850           52.300          136627304.73         79.899          0.000
           43.3850           52.161          136671669.46         79.925          0.000
           43.4850           52.022          136715916.03         79.951          0.000
           43.5850           51.884          136760044.87         79.977          0.000
           43.6850           51.746          136804056.38         80.002          0.000
           43.7850           51.609          136847950.99         80.028          0.000
           43.8850           51.472          136891729.11         80.054          0.000
           43.9850           51.335          136935391.14         80.079          0.000
           44.0850           51.199          136978937.49         80.105          0.000
           44.1850           51.064          137022368.58         80.130          0.000
           44.2850           50.929          137065684.80         80.155          0.000
           44.3850           50.794          137108886.57         80.181          0.000
           44.4850           50.660          137151974.27         80.206          0.000
           44.5850           50.527          137194948.32         80.231          0.000
           44.6850           50.394          137237809.11         80.256          0.000
           44.7850           50.261          137280557.04         80.281          0.000
           44.8850           50.129          137323192.50         80.306          0.000
           44.9850           49.997          137365715.90         80.331          0.000
           45.0850           49.866          137408127.61         80.356          0.000
           45.1850           49.735          137450428.03         80.380          0.000
           45.2850           49.605          137492617.56         80.405          0.000
           45.3850           49.475          137534696.57         80.430          0.000
           45.4850           49.345          137576665.46         80.454          0.000
           45.5850           49.216          137618524.61         80.479          0.000
           45.6850           49.088          137660274.40         80.503          0.000
           45.7850           48.960          137701915.21         80.527          0.000
           45.8850           48.832          137743447.43         80.552          0.000
           45.9850           48.705          137784871.43         80.576          0.000
           46.0850           48.578          137826187.59         80.600          0.000
           46.1850           48.452          137867396.28         80.624          0.000
           46.2850           48.326          137908497.88         80.648          0.000
           46.3850           48.201          137949492.76         80.672          0.000
           46.4850           48.076          137990381.30         80.696          0.000
           46.5850           47.951          138031163.85         80.720          0.000
           46.6850           47.827          138071840.79         80.744          0.000
           46.7850           47.703          138112412.49         80.767          0.000
           46.8850           47.580          138152879.30         80.791          0.000
           46.9850           47.457          138193241.60         80.815          0.000
           47.0850           47.335          138233499.74         80.838          0.000
           47.1850           47.213          138273654.09         80.862          0.000
           47.2850           47.091          138313705.00         80.885          0.000
           47.3850           46.970          138353652.84         80.909          0.000
           47.4850           46.849          138393497.95         80.932          0.000
           47.5850           46.729          138433240.70         80.955          0.000
           47.6850           46.609          138472881.43         80.978          0.000
           47.7850           46.490          138512420.50         81.001          0.000
           47.8850           46.371          138551858.26         81.024          0.000
           47.9850           46.252          138591195.06         81.047          0.000
           48.0850           46.134          138630431.24         81.070          0.000
           48.1850           46.016          138669567.16         81.093          0.000
           48.2850           45.898          138708603.15         81.116          0.000
           48.3850           45.781          138747539.56         81.139          0.000
           48.4850           45.665          138786376.73         81.162          0.000
           48.5850           45.549          138825115.01         81.184          0.000
           48.6850           45.433          138863754.72         81.207          0.000
           48.7850           45.317          138902296.22         81.229          0.000
           48.8850           45.202          138940739.84         81.252          0.000
           48.9850           45.088          138979085.91         81.274          0.000
           49.0850           44.973          139017334.76         81.297          0.000
           49.1850           44.859          139055486.73         81.319          0.000
           49.2850           44.746          139093542.16         81.341          0.000
           49.3850           44.633          139131501.36         81.363          0.000
           49.4850           44.520          139169364.68         81.386          0.000
           49.5850           44.408          139207132.42         81.408          0.000
           49.6850           44.296          139244804.94         81.430          0.000
           49.7850           44.184          139282382.54         81.452          0.000
           49.8850           44.073          139319865.55         81.474          0.000
           49.9850           43.962          139357254.29         81.495          0.000
           50.0850           43.852          139394549.09         81.517          0.000
           50.1850           43.742          139431750.26         81.539          0.000
           50.2850           43.632          139468858.12         81.561          0.000
           50.3850           43.523          139505872.99         81.582          0.000
           50.4850           43.414          139542795.18         81.604          0.000
           50.5850           43.306          139579625.02         81.626          0.000
           50.6850           43.197          139616362.80         81.647          0.000
           50.7850           43.090          139653008.85         81.668          0.000
           50.8850           42.982          139689563.48         81.690          0.000
           50.9850           42.875          139726026.99         81.711          0.000
           51.0850           42.768          139762399.69         81.732          0.000
           51.1850           42.662          139798681.90         81.754          0.000
           51.2850           42.556          139834873.91         81.775          0.000
           51.3850           42.450          139870976.03         81.796          0.000
           51.4850           42.345          139906988.56         81.817          0.000
           51.5850           42.240          139942911.81         81.838          0.000
           51.6850           42.135          139978746.08         81.859          0.000
           51.7850           42.031          140014491.67         81.880          0.000
           51.8850           41.927          140050148.87         81.901          0.000
           51.9850           41.824          140085717.99         81.921          0.000
           52.0850           41.721          140121199.31         81.942          0.000
           52.1850           41.618          140156593.14         81.963          0.000
           52.2850           41.515          140191899.77         81.984          0.000
           52.3850           41.413          140227119.50         82.004          0.000
           52.4850           41.311          140262252.60         82.025          0.000
           52.5850           41.210          140297299.38         82.045          0.000
           52.6850           41.109          140332260.12         82.066          0.000
           52.7850           41.008          140367135.12         82.086          0.000
           52.8850           40.908          140401924.65         82.106          0.000
           52.9850           40.807          140436629.00         82.127          0.000
           53.0850           40.708          140471248.47         82.147          0.000
           53.1850           40.608          140505783.33         82.167          0.000
           53.2850           40.509          140540233.86         82.187          0.000
           53.3850           40.410          140574600.35         82.207          0.000
           53.4850           40.312          140608883.08         82.227          0.000
           53.5850           40.214          140643082.32         82.247          0.000
           53.6850           40.116          140677198.36         82.267          0.000
           53.7850           40.019          140711231.47         82.287          0.000
           53.8850           39.921          140745181.93         82.307          0.000
           53.9850           39.825          140779050.01         82.327          0.000
           54.0850           39.728          140812835.98         82.347          0.000
           54.1850           39.632          140846540.13         82.366          0.000
           54.2850           39.536          140880162.71         82.386          0.000
           54.3850           39.440          140913704.00         82.406          0.000
           54.4850           39.345          140947164.28         82.425          0.000
           54.5850           39.250          140980543.80         82.445          0.000
           54.6850           39.156          141013842.84         82.464          0.000
           54.7850           39.061          141047061.66         82.484          0.000
           54.8850           38.967          141080200.53         82.503          0.000
           54.9850           38.874          141113259.72         82.522          0.000
           55.0850           38.780          141146239.47         82.542          0.000
           55.1850           38.687          141179140.07         82.561          0.000
           55.2850           38.595          141211961.76         82.580          0.000
           55.3850           38.502          141244704.81         82.599          0.000
           55.4850           38.410          141277369.48         82.618          0.000
           55.5850           38.318          141309956.02         82.637          0.000
           55.6850           38.227          141342464.69         82.656          0.000
           55.7850           38.136          141374895.76         82.675          0.000
           55.8850           38.045          141407249.47         82.694          0.000
           55.9850           37.954          141439526.07         82.713          0.000
           56.0850           37.864          141471725.83         82.732          0.000
           56.1850           37.774          141503848.99         82.751          0.000
           56.2850           37.684          141535895.80         82.770          0.000
           56.3850           37.594          141567866.52         82.788          0.000
           56.4850           37.505          141599761.39         82.807          0.000
           56.5850           37.416          141631580.66         82.825          0.000
           56.6850           37.328          141663324.58         82.844          0.000
           56.7850           37.240          141694993.40         82.863          0.000
           56.8850           37.152          141726587.35         82.881          0.000
           56.9850           37.064          141758106.69         82.899          0.000
           57.0850           36.977          141789551.66         82.918          0.000
           57.1850           36.889          141820922.50         82.936          0.000
           57.2850           36.803          141852219.44         82.955          0.000
           57.3850           36.716          141883442.75         82.973          0.000
           57.4850           36.630          141914592.64         82.991          0.000
           57.5850           36.544          141945669.36         83.009          0.000
           57.6850           36.458          141976673.15         83.027          0.000
           57.7850           36.373          142007604.25         83.045          0.000
           57.8850           36.287          142038462.89         83.063          0.000
           57.9850           36.202          142069249.30         83.081          0.000
           58.0850           36.118          142099963.72         83.099          0.000
           58.1850           36.034          142130606.39         83.117          0.000
           58.2850           35.949          142161177.53         83.135          0.000
           58.3850           35.866          142191677.38         83.153          0.000
           58.4850           35.782          142222106.16         83.171          0.000
           58.5850           35.699          142252464.11         83.189          0.000
           58.6850           35.616          142282751.46         83.206          0.000
           58.7850           35.533          142312968.43         83.224          0.000
           58.8850           35.451          142343115.25         83.242          0.000
           58.9850           35.369          142373192.15         83.259          0.000
           59.0850           35.287          142403199.35         83.277          0.000
           59.1850           35.205          142433137.07         83.294          0.000
           59.2850           35.124          142463005.54         83.312          0.000
           59.3850           35.042          142492804.99         83.329          0.000
           59.4850           34.962          142522535.62         83.347          0.000
           59.5850           34.881          142552197.68         83.364          0.000
           59.6850           34.801          142581791.36         83.381          0.000
           59.7850           34.720          142611316.90         83.398          0.000
           59.8850           34.641          142640774.51         83.416          0.000
           59.9850           34.561          142670164.41         83.433          0.000
           60.0850           34.482          142699486.82         83.450          0.000
           60.1850           34.403          142728741.95         83.467          0.000
           60.2850           34.324          142757930.01         83.484          0.000
           60.3850           34.245          142787051.23         83.501          0.000
           60.4850           34.167          142816105.81         83.518          0.000
           60.5850           34.089          142845093.96         83.535          0.000
           60.6850           34.011          142874015.91         83.552          0.000
           60.7850           33.933          142902871.85         83.569          0.000
           60.8850           33.856          142931662.00         83.586          0.000
           60.9850           33.779          142960386.57         83.603          0.000
           61.0850           33.702          142989045.77         83.619          0.000
           61.1850           33.626          143017639.81         83.636          0.000
           61.2850           33.549          143046168.88         83.653          0.000
           61.3850           33.473          143074633.20         83.669          0.000
           61.4850           33.397          143103032.98         83.686          0.000
           61.5850           33.322          143131368.41         83.703          0.000
           61.6850           33.246          143159639.71         83.719          0.000
           61.7850           33.171          143187847.06         83.736          0.000
           61.8850           33.096          143215990.69         83.752          0.000
           61.9850           33.021          143244070.78         83.768          0.000
           62.0850           32.947          143272087.54         83.785          0.000
           62.1850           32.873          143300041.17         83.801          0.000
           62.2850           32.799          143327931.87         83.818          0.000
           62.3850           32.725          143355759.83         83.834          0.000
           62.4850           32.652          143383525.26         83.850          0.000
           62.5850           32.578          143411228.34         83.866          0.000
           62.6850           32.505          143438869.29         83.882          0.000
           62.7850           32.432          143466448.28         83.899          0.000
           62.8850           32.360          143493965.52         83.915          0.000
           62.9850           32.287          143521421.20         83.931          0.000
           63.0850           32.215          143548815.52         83.947          0.000
           63.1850           32.143          143576148.66         83.963          0.000
           63.2850           32.072          143603420.81         83.979          0.000
           63.3850           32.000          143630632.18         83.995          0.000
           63.4850           31.929          143657782.94         84.010          0.000
           63.5850           31.858          143684873.30         84.026          0.000
           63.6850           31.787          143711903.42         84.042          0.000
           63.7850           31.717          143738873.52         84.058          0.000
           63.8850           31.646          143765783.77         84.074          0.000
           63.9850           31.576          143792634.35         84.089          0.000
           64.0850           31.506          143819425.46         84.105          0.000
           64.1850           31.437          143846157.28         84.121          0.000
           64.2850           31.367          143872830.00         84.136          0.000
           64.3850           31.298          143899443.79         84.152          0.000
           64.4850           31.229          143925998.85         84.167          0.000
           64.5850           31.160          143952495.35         84.183          0.000
           65.1350           30.684          144098730.90         84.268          0.000
           66.1350           30.015          144360236.58         84.421          0.000
           67.1350           29.365          144616060.02         84.571          0.000
           68.1350           28.736          144866374.59         84.717          0.000
           69.1350           28.125          145111347.18         84.860          0.000
           70.1350           27.533          145351138.56         85.001          0.000
           71.1350           26.959          145585903.60         85.138          0.000
           72.1350           26.401          145815791.50         85.272          0.000
           73.1350           25.860          146040946.07         85.404          0.000
           74.1350           25.334          146261505.93         85.533          0.000
           75.1350           24.824          146477604.72         85.659          0.000
           76.1350           24.329          146689371.28         85.783          0.000
           77.1350           23.848          146896929.90         85.905          0.000
           78.1350           23.380          147100400.47         86.024          0.000
           79.1350           22.926          147299898.66         86.140          0.000
           80.1350           22.484          147495536.10         86.255          0.000
           81.1350           22.054          147687420.53         86.367          0.000
           82.1350           21.637          147875655.96         86.477          0.000
           83.1350           21.231          148060342.85         86.585          0.000
           84.1350           20.836          148241578.17         86.691          0.000
           85.1350           20.451          148419455.65         86.795          0.000
           86.1350           20.077          148594065.81         86.897          0.000
           87.1350           19.713          148765496.13         86.997          0.000
           88.1350           19.359          148933831.17         87.096          0.000
           89.1350           19.014          149099152.66         87.192          0.000
           90.1350           18.678          149261539.66         87.287          0.000
           91.1350           18.350          149421068.58         87.381          0.000
           92.1350           18.031          149577813.37         87.472          0.000
           93.1350           17.721          149731845.55         87.562          0.000
           94.1350           17.418          149883234.34         87.651          0.000
           95.1350           19.453          149994786.55         87.716          0.000
           96.1350           19.321          150050679.78         87.749          0.000
           97.1350           19.191          150106194.38         87.781          0.000
           98.1350           19.061          150161334.09         87.814          0.000
           99.1350           18.933          150216102.64         87.846          0.000
          100.1350           18.806          150270503.73         87.877          0.000
          101.1350           18.681          150324541.00         87.909          0.000
          102.1350           18.556          150378218.06         87.940          0.000
          103.1350           18.433          150431538.46         87.972          0.000
          104.1350           18.311          150484505.73         88.003          0.000
          105.1350           18.191          150537123.33         88.033          0.000
          106.1350           18.071          150589394.70         88.064          0.000
          107.1350           17.953          150641323.24         88.094          0.000
          108.1350           17.836          150692912.30         88.125          0.000
          109.1350           17.720          150744165.19         88.154          0.000
          110.1350           17.605          150795085.19         88.184          0.000
          111.1350           17.491          150845675.53         88.214          0.000
          112.1350           17.378          150895939.42         88.243          0.000
          113.1350           17.267          150945880.00         88.272          0.000
          114.1350           17.156          150995500.41         88.301          0.000
          115.1350           17.047          151044803.73         88.330          0.000
          116.1350           16.938          151093793.00         88.359          0.000
          117.1350           16.831          151142471.25         88.387          0.000
          118.1350           16.725          151190841.44         88.416          0.000
          119.1350           16.619          151238906.52         88.444          0.000
          120.1350           16.515          151286669.41         88.472          0.000
          121.1350           16.412          151334132.96         88.499          0.000
          122.1350           16.309          151381300.03         88.527          0.000
          123.1350           16.208          151428173.42         88.554          0.000
          124.1350           16.108          151474755.90         88.582          0.000
          125.1350           16.008          151521050.22         88.609          0.000
          126.1350           16.660          151557370.83         88.630          0.000
          127.1350           16.635          151571123.83         88.638          0.000
          128.1350           16.604          151584851.30         88.646          0.000
          129.1350           16.572          151598552.94         88.654          0.000
          130.1350           16.541          151612228.80         88.662          0.000
          131.1350           16.510          151625878.98         88.670          0.000
          132.1350           16.479          151639503.53         88.678          0.000
          133.1350           16.448          151653102.54         88.686          0.000
          134.1350           16.417          151666676.07         88.694          0.000
          135.1350           16.387          151680224.20         88.702          0.000
          136.1350           16.356          151693746.99         88.710          0.000
          137.1350           16.326          151707244.53         88.718          0.000
          138.1350           16.295          151720716.88         88.726          0.000
          139.1350           16.265          151734164.12         88.733          0.000
          140.1350           16.234          151747586.31         88.741          0.000
          141.1350           16.204          151760983.52         88.749          0.000
          142.1350           16.174          151774355.83         88.757          0.000
          143.1350           16.144          151787703.30         88.765          0.000
          144.1350           16.114          151801026.01         88.773          0.000
          145.1350           16.084          151814324.03         88.780          0.000
          146.1350           16.055          151827597.42         88.788          0.000
          147.1350           16.025          151840846.25         88.796          0.000
          148.1350           15.995          151854070.60         88.804          0.000
          149.1350           15.966          151867270.53         88.811          0.000
          150.1350           15.936          151880446.11         88.819          0.000
          151.1350           15.907          151893597.40         88.827          0.000
          152.1350           15.878          151906724.49         88.834          0.000
          153.1350           15.849          151919827.43         88.842          0.000
          154.1350           15.819          151932906.29         88.850          0.000
          155.1350           15.790          151945961.15         88.857          0.000
          156.1350           14.497          151970719.60         88.872          0.000
          157.1350           14.354          152040045.09         88.912          0.000
          158.1350           14.221          152108724.02         88.952          0.000
          159.1350           14.089          152176765.61         88.992          0.000
          160.1350           13.959          152244178.95         89.032          0.000
          161.1350           13.831          152310972.97         89.071          0.000
          162.1350           13.705          152377156.42         89.109          0.000
          163.1350           13.581          152442737.90         89.148          0.000
          164.1350           13.458          152507725.86         89.186          0.000
          165.1350           13.337          152572128.59         89.223          0.000
          166.1350           13.218          152635954.23         89.261          0.000
          167.1350           13.101          152699210.78         89.298          0.000
          168.1350           12.985          152761906.10         89.334          0.000
          169.1350           12.870          152824047.89         89.371          0.000
          170.1350           12.758          152885643.73         89.407          0.000
          171.1350           12.646          152946701.06         89.443          0.000
          172.1350           12.536          153007227.19         89.478          0.000
          173.1350           12.428          153067229.31         89.513          0.000
          174.1350           12.321          153126714.46         89.548          0.000
          175.1350           12.216          153185689.58         89.582          0.000
          176.1350           12.112          153244161.49         89.616          0.000
          177.1350           12.009          153302136.87         89.650          0.000
          178.1350           11.908          153359622.30         89.684          0.000
          179.1350           11.808          153416624.24         89.717          0.000
          180.1350           11.710          153473149.04         89.750          0.000
          181.1350           11.612          153529202.95         89.783          0.000
          182.1350           11.516          153584792.11         89.816          0.000
          183.1350           11.421          153639922.54         89.848          0.000
          184.1350           11.328          153694600.17         89.880          0.000
          185.1350           11.236          153748830.83         89.912          0.000
          186.1350           11.144          153802620.26         89.943          0.000
          187.1350           10.661          153858346.46         89.976          0.000
          188.1350           10.531          153933303.05         90.019          0.000
          189.1350           10.415          154007428.18         90.063          0.000
          190.1350           10.300          154080736.04         90.106          0.000
          191.1350           10.188          154153240.69         90.148          0.000
          192.1350           10.077          154224955.85         90.190          0.000
          193.1350            9.968          154295894.97         90.232          0.000
          194.1350            9.861          154366071.17         90.273          0.000
          195.1350            9.756          154435497.28         90.313          0.000
          196.1350            9.653          154504185.85         90.353          0.000
          197.1350            9.551          154572149.17         90.393          0.000
          198.1350            9.451          154639399.24         90.432          0.000
          199.1350            9.353          154705947.80         90.471          0.000
          200.1350            9.256          154771806.33         90.510          0.000
          201.1350            9.161          154836986.08         90.548          0.000
          202.1350            9.068          154901498.05         90.586          0.000
          203.1350            8.976          154965352.99         90.623          0.000
          204.1350            8.885          155028561.45         90.660          0.000
          205.1350            8.796          155091133.72         90.697          0.000
          206.1350            8.708          155153079.90         90.733          0.000
          207.1350            8.622          155214409.88         90.769          0.000
          208.1350            8.537          155275133.32         90.804          0.000
          209.1350            8.453          155335259.69         90.839          0.000
          210.1350            8.371          155394798.27         90.874          0.000
          211.1350            8.290          155453758.15         90.909          0.000
          212.1350            8.210          155512148.22         90.943          0.000
          213.1350            8.131          155569977.20         90.977          0.000
          214.1350            8.054          155627253.63         91.010          0.000
          215.1350            7.977          155683985.88         91.043          0.000
          216.1350            7.902          155740182.14         91.076          0.000
          217.1350            7.828          155795850.44         91.109          0.000
          218.1350            7.755          155850998.67         91.141          0.000
          219.1350            7.503          155917307.71         91.180          0.000
          220.1350            7.420          155982824.04         91.218          0.000
          221.1350            7.339          156047622.23         91.256          0.000
          222.1350            7.259          156111714.71         91.293          0.000
          223.1350            7.181          156175113.64         91.330          0.000
          224.1350            7.104          156237830.90         91.367          0.000
          225.1350            7.028          156299878.09         91.403          0.000
          226.1350            6.954          156361266.54         91.439          0.000
          227.1350            6.881          156422007.36         91.475          0.000
          228.1350            6.809          156482111.38         91.510          0.000
          229.1350            6.738          156541589.20         91.545          0.000
          230.1350            6.669          156600451.17         91.579          0.000
          231.1350            6.600          156658707.45         91.613          0.000
          232.1350            6.533          156716367.93         91.647          0.000
          233.1350            6.467          156773442.33         91.680          0.000
          234.1350            6.402          156829940.12         91.713          0.000
          235.1350            6.338          156885870.59         91.746          0.000
          236.1350            6.274          156941242.82         91.779          0.000
          237.1350            6.212          156996065.71         91.811          0.000
          238.1350            6.151          157050347.95         91.842          0.000
          239.1350            6.091          157104098.06         91.874          0.000
          240.1350            6.032          157157324.38         91.905          0.000
          241.1350            5.974          157210035.08         91.936          0.000
          242.1350            5.916          157262238.14         91.966          0.000
          243.1350            5.860          157313941.41         91.996          0.000
          244.1350            5.804          157365152.54         92.026          0.000
          245.1350            5.750          157415879.05         92.056          0.000
          246.1350            5.696          157466128.29         92.085          0.000
          247.1350            5.642          157515907.48         92.115          0.000
          248.1350            5.590          157565223.67         92.143          0.000
          249.1350            5.539          157614083.79         92.172          0.000
          250.1350            5.488          157662494.63         92.200          0.000
          251.1350            5.438          157710462.82         92.228          0.000
          252.1350            5.388          157757994.89         92.256          0.000
          253.1350            5.340          157805097.23         92.284          0.000
          254.1350            5.292          157851776.09         92.311          0.000
          255.1350            5.245          157898037.62         92.338          0.000
          256.1350            5.198          157943887.85         92.365          0.000
          257.1350            5.152          157989332.67         92.391          0.000
          258.1350            5.107          158034377.88         92.418          0.000
          259.1350            5.063          158079029.17         92.444          0.000
          260.1350            5.019          158123292.10         92.470          0.000
          261.1350            4.976          158167172.14         92.495          0.000
          262.1350            4.933          158210674.66         92.521          0.000
          263.1350            4.891          158253804.92         92.546          0.000
          264.1350            4.849          158296568.09         92.571          0.000
          265.1350            4.808          158338969.24         92.596          0.000
          266.1350            4.768          158381013.35         92.620          0.000
          267.1350            4.728          158422705.29         92.645          0.000
          268.1350            4.689          158464049.87         92.669          0.000

 ... simulation complete.


  A total of  158468165.41 ppm.bbls produced,
        from  171000000.00 ppm.bbls injected:  92.671 percent returned.

 Inhibitor lifetime (from start of treatment) above
      10.00 ppm was   192.841 days.
 Inhibitor lifetime (from start of treatment) above
       5.00 ppm was   260.569 days.
