 Squeeze 5 - Near well squeeze treatment simulator

 Case 5  - Deriving An Effective Pseudo Isotherm From Coreflood                
 Inhibitor Effluent Profile and Coreflood Modelling.                           

 This is the ISOTHERM DERIVATION and VALIDATION model.

 
           DISPLAY OF INPUT EXPERIMENTAL INFORMATION
  -----------------------------------------------------------

  Core Length (cm)                               =     14.030
  Core Diameter (cm)                             =      2.580
  Porosity                                        =      0.208
  Rock density (g/cm**3)                         =      2.650
  Total injected inhibitor volume (cm**3)        =    129.600
  Total dead volume (cm**3)                      =      8.340
  chemical slug concentration (ppm)              =  50043.000
  chemical conc. in core before postflush (ppm)  =  42895.000


 The simulation assumes that the adsorption level is always at equilibrium.


      Stage  Duration  Core Flow Rate  Well Conc.  Dispersion  Time Step
       No.    (hours)    (cm3/hour)      (ppm)       (cm2/s) 
      -----  --------  --------------  ----------  ----------  ---------
         1     4.320        30.000       50043.0    0.00000
         2     6.000         0.000           0.0    0.00000
         3   283.300        30.000           0.0    0.00000

                 * Non-equilibrium shut-in inputted changed
                   to an equilibrium shut-in as the system
                   is already assumed to be at equilibrium.
 
 Experimental Effluent Data
     InjVol(pv)       c(ppm)
         0.000         0.000
         0.729      2386.600
         0.925     23216.300
         1.122     40728.800
         1.515     41306.400
         1.712     43544.600
         1.908     44050.000
         2.301     44772.000
         2.695     44844.200
         3.088     46288.200
         3.874     48021.000
         5.054     50187.000
         5.840     49826.000
         6.627     49537.200
         7.413     47299.000
         8.396     48743.000
         8.786     42894.800
         8.884     38418.400
         8.982     39068.200
         9.179     36180.200
         9.376     35530.400
         9.474     29682.200
         9.572     29465.600
         9.769     24483.800
         9.965     16253.000
        10.162     10260.400
        10.358      7589.000
        10.555      5206.400
        10.752      3545.800
        10.948      2751.600
        11.145      2246.200
        11.341      1957.400
        11.538      1668.600
        11.915       494.970
        14.536       188.120
        17.157       119.530
        23.710        46.408
        27.642        35.759
        31.574        32.330
        36.816        25.651
        42.059        22.582
        47.301        19.514
        52.544        17.890
        59.097        15.483
        65.650        14.806
        72.203        14.084
        78.756        13.181
        91.862        12.279
        98.415        11.783
       104.969        11.512
       111.522        10.655
       118.075         9.887
       124.628         9.391
       131.181         9.120
       137.734         8.669
       150.840         7.944
       163.946         7.493
       177.052         7.276
       190.159         6.807
       203.265         6.536
       216.371         6.031
       230.788         6.247
       242.583         5.796
       255.689         5.020
       268.796         4.930
       278.625         4.857
       281.902         4.749
       295.008         4.551
       308.114         4.424
       323.841         4.208
       342.550         4.190
       356.312         3.937
       370.073         3.847
       383.835         3.702
       397.596         3.359
       411.358         3.089
       425.119         3.034
       438.881         2.836
       452.642         2.728
       466.404         2.800
       480.165         2.844
       493.927         2.834
       547.596         2.212
 
 
  MAXIMUM ADSORPTION, RECOVERY AND ADSORPTIONISOTHERM DATA
 
  Maximum adsorption level at C (ppm) = 42895.00
  (i.e. the adsorption in core before postflush)
     Gmax (mg/L)     Gmax (mg/g)
  ----------------------------------------------
 
       5863.8          2.213

 
   Recovery at end of experiment
      R1 (%)          R2 (%)
   -----------------------------
 
      99.88           99.23

   R1 - as percent of the chemical component injected
   R2 - as percent of the chemical_in_core before postflush
