 Squeeze 5 - Near well squeeze treatment simulator

 Case 5  - Deriving an Effective Pseudo Isotherm from Coreflood                
 Inhibitor Effluent Profile and Coreflood Modelling.                           

 This is the ISOTHERM DERIVATION and VALIDATION model.

 
           DISPLAY OF INPUT EXPERIMENTAL INFORMATION
  -----------------------------------------------------------

  Core Length (cm)                               =      6.220
  Core Diameter (cm)                             =      3.700
  Porosity                                        =      0.148
  Rock density (g/cm**3)                         =      2.650
  Total injected inhibitor volume (cm**3)        =     70.000
  Total dead volume (cm**3)                      =      9.500
  chemical slug concentration (ppm)              = 254271.000
  chemical conc. in core before postflush (ppm)  =  12217.000


 The simulation assumes that the adsorption level is always at equilibrium.


      Stage  Duration  Core Flow Rate  Well Conc.  Dispersion  Time Step
       No.    (hours)    (cm3/hour)      (ppm)       (cm2/s) 
      -----  --------  --------------  ----------  ----------  ---------
         1     1.167        60.000      254271.0    0.00000
         2     6.000         0.000           0.0    0.00000
         3    24.000        60.000           0.0    0.00000

                 * Non-equilibrium shut-in inputted changed
                   to an equilibrium shut-in as the system
                   is already assumed to be at equilibrium.
 
 Experimental Effluent Data
     InjVol(pv)       c(ppm)
         0.000         0.000
         0.544         0.000
         1.009         0.000
         1.491     27378.000
         1.956    168095.000
         2.439    227862.000
         2.930    238744.000
         3.421    238827.000
         3.895    235423.000
         4.386    243098.000
         5.079    245214.000
         5.246    243936.000
         9.281    256612.000
         9.518    258444.000
         9.789    260543.000
         9.965    260156.000
        10.149    235262.000
        10.325    139998.000
        10.737     27084.000
        12.184     21654.000
        13.254      9836.000
        14.219      7019.000
        14.711       651.000
        15.202       529.000
        16.184       421.000
        16.675       242.000
        18.526        83.300
        20.237        44.000
        23.395        31.800
        32.956        28.600
        44.009        15.600
        59.798         6.880
        97.781         6.380
       105.675         7.760
       113.570         5.650
       121.465         4.470
       145.149         1.800
 
 
  MAXIMUM ADSORPTION, RECOVERY AND ADSORPTIONISOTHERM DATA
 
  Maximum adsorption level at C (ppm) = 12217.00
  (i.e. the adsorption in core before postflush)
     Gmax (mg/L)     Gmax (mg/g)
  ----------------------------------------------
 
      88812.9         33.514

 
   Recovery at end of experiment
      R1 (%)          R2 (%)
   -----------------------------
 
     121.46          173.72

   R1 - as percent of the chemical component injected
   R2 - as percent of the chemical_in_core before postflush


   Dynamic adsorption isotherm data
          (Final Results)
     Ciso(ppm)       Giso(mg/L)
  ----------------------------------

        1.800           39.11
        4.470           97.19
        5.650          119.63
        6.380          134.40
        6.880          140.54
        7.760          156.85
       15.600          206.93
       28.600          275.61
       31.800          286.78
       44.000          315.91
       83.300          393.11
      242.000          655.80
      421.000          915.67
      529.000         1058.64
      651.000         1204.53
     7019.000         8276.04
     9836.000        11047.98
    21654.000        20588.04
    27084.000        23784.07
   139998.000        72006.15
   235262.000       107827.60
   256612.000       115533.19
   258444.000       115955.47
   260156.000       116410.70
   260543.000       116532.05

   Dynamic adsorption isotherm data
          (Final Results)
     Ciso(ppm)       Giso(mg/g)
  ----------------------------------

        1.800            0.01
        4.470            0.04
        5.650            0.05
        6.380            0.05
        6.880            0.05
        7.760            0.06
       15.600            0.08
       28.600            0.10
       31.800            0.11
       44.000            0.12
       83.300            0.15
      242.000            0.25
      421.000            0.35
      529.000            0.40
      651.000            0.45
     7019.000            3.12
     9836.000            4.17
    21654.000            7.77
    27084.000            8.98
   139998.000           27.17
   235262.000           40.69
   256612.000           43.60
   258444.000           43.76
   260156.000           43.93
   260543.000           43.97
  Output at    416 time steps, out of a total of   4166 in simulation.

 Simulating ...

     Elapsed      Cumulative Water    Inhibitor Conc.    Cumulative Inhibitor
  Time  (hours)   Flow (Pore Vols)   in Effluent (ppm)   Production (ppm.cm3)
  -------------   ----------------   -----------------   --------------------
      0.010               0.061            0.00000000                   0.00
      0.020               0.121            0.00000000                   0.00
      0.030               0.182            0.00000000                   0.00
      0.040               0.242            0.00000000                   0.00
      0.050               0.303            0.00000000                   0.00
      0.060               0.364            0.00000000                   0.00
      0.070               0.424            0.00000000                   0.00
      0.080               0.485            0.00000000                   0.00
      0.090               0.545            0.00000000                   0.00
      0.100               0.606            0.00000000                   0.00
      0.110               0.667            0.00000000                   0.00
      0.120               0.727            0.00000000                   0.00
      0.130               0.788            0.00000000                   0.00
      0.140               0.848            0.00000000                   0.00
      0.150               0.909            0.00000000                   0.00
      0.160               0.970            0.00000000                   0.00
      0.170               1.030            0.00000000                   0.00
      0.180               1.091            0.00000000                   0.00
      0.190               1.151            0.00000000                   0.00
      0.200               1.212            0.00000000                   0.00
      0.210               1.273            0.00000000                   0.00
      0.220               1.333            0.00000000                   0.00
      0.230               1.394            0.00000000                   0.00
      0.240               1.454            0.00000000                   0.00
      0.250               1.515            0.00000000                   0.00
      0.260               1.576            0.00000000                   0.00
      0.270               1.636            0.00000000                   0.00
      0.280               1.697            0.00000000                   0.00
      0.290               1.757            0.00000000                   0.00
      0.300               1.818            0.00000000                   0.00
      0.310               1.879            0.00000000                   0.00
      0.320               1.939            0.00000000                   0.00
      0.330               2.000            0.00000000                   0.00
      0.340               2.061            0.00000000                   0.00
      0.350               2.121            0.00000000                   0.00
      0.360               2.182            0.00000000                   0.00
      0.370               2.242            0.00000000                   0.00
      0.380               2.303            0.00000000                   0.00
      0.390               2.364            0.00000000                   0.00
      0.400               2.424            0.00000001                   0.00
      0.410               2.485            0.00000015                   0.00
      0.420               2.545            0.00000209                   0.00
      0.430               2.606            0.00002681                   0.00
      0.440               2.667            0.00035389                   0.00
      0.450               2.727            0.00505107                   0.00
      0.460               2.788            0.05465055                   0.02
      0.470               2.848            0.96732746                   0.23
      0.480               2.909            7.58106093                   2.45
      0.490               2.970          172.34255426                  43.51
      0.500               3.030          773.21399133                 313.10
      0.510               3.091         2120.24183214                1178.85
      0.520               3.151         4742.65482707                3235.59
      0.530               3.212         9604.49279528                7511.17
      0.540               3.273         *************               16189.22
      0.550               3.333         *************               32068.16
      0.560               3.394         *************               58682.56
      0.570               3.454         *************               96253.40
      0.580               3.515         *************              144523.93
      0.590               3.576         *************              203219.91
      0.600               3.636         *************              272039.34
      0.610               3.697         *************              350655.82
      0.620               3.757         *************              438786.42
      0.630               3.818         *************              535850.81
      0.640               3.879         *************              640790.68
      0.650               3.939         *************              752648.50
      0.660               4.000         *************              870562.04
      0.670               4.060         *************              993757.66
      0.680               4.121         *************             1121543.84
      0.690               4.182         *************             1253305.32
      0.700               4.242         *************             1388495.91
      0.710               4.303         *************             1526636.02
      0.720               4.363         *************             1667298.33
      0.730               4.424         *************             1810123.00
      0.740               4.485         *************             1954753.46
      0.750               4.545         *************             2100874.39
      0.760               4.606         *************             2248221.18
      0.770               4.666         *************             2396572.61
      0.780               4.727         *************             2545744.48
      0.790               4.788         *************             2695584.03
      0.800               4.848         *************             2845965.02
      0.810               4.909         *************             2996783.58
      0.820               4.969         *************             3147954.54
      0.830               5.030         *************             3299408.34
      0.840               5.091         *************             3451088.40
      0.850               5.151         *************             3602948.84
      0.860               5.212         *************             3754952.64
      0.870               5.272         *************             3907069.98
      0.880               5.333         *************             4059276.96
      0.890               5.394         *************             4211554.50
      0.900               5.454         *************             4363887.41
      0.910               5.515         *************             4516263.61
      0.920               5.575         *************             4668673.59
      0.930               5.636         *************             4821109.83
      0.940               5.697         *************             4973566.41
      0.950               5.757         *************             5126038.74
      0.960               5.818         *************             5278523.19
      0.970               5.878         *************             5431016.97
      0.980               5.939         *************             5583517.90
      0.990               6.000         *************             5736024.28
      1.000               6.060         *************             5888534.84
      1.010               6.121         *************             6041048.56
      1.020               6.182         *************             6193564.68
      1.030               6.242         *************             6346082.62
      1.040               6.303         *************             6498601.94
      1.050               6.363         *************             6651122.28
      1.060               6.424         *************             6803643.40
      1.070               6.485         *************             6956165.11
      1.080               6.545         *************             7108687.24
      1.090               6.606         *************             7261209.70
      1.100               6.666         *************             7413732.41
      1.110               6.727         *************             7566255.29
      1.120               6.788         *************             7718778.30
      1.130               6.848         *************             7871301.41
      1.140               6.909         *************             8023824.59
      1.150               6.969         *************             8176347.83
      1.160               7.030         *************             8328871.11
      1.206               7.066         *************             8420385.09
      1.306               7.066         *************             8420385.09
      1.406               7.066         *************             8420385.09
      1.506               7.066         *************             8420385.09
      1.606               7.066         *************             8420385.09
      1.706               7.066         *************             8420385.09
      1.806               7.066         *************             8420385.09
      1.906               7.066         *************             8420385.09
      2.006               7.066         *************             8420385.09
      2.106               7.066         *************             8420385.09
      2.206               7.066         *************             8420385.09
      2.306               7.066         *************             8420385.09
      2.406               7.066         *************             8420385.09
      2.506               7.066         *************             8420385.09
      2.606               7.066         *************             8420385.09
      2.706               7.066         *************             8420385.09
      2.806               7.066         *************             8420385.09
      2.906               7.066         *************             8420385.09
      3.006               7.066         *************             8420385.09
      3.106               7.066         *************             8420385.09
      3.206               7.066         *************             8420385.09
      3.306               7.066         *************             8420385.09
      3.406               7.066         *************             8420385.09
      3.506               7.066         *************             8420385.09
      3.606               7.066         *************             8420385.09
      3.706               7.066         *************             8420385.09
      3.806               7.066         *************             8420385.09
      3.906               7.066         *************             8420385.09
      4.006               7.066         *************             8420385.09
      4.106               7.066         *************             8420385.09
      4.206               7.066         *************             8420385.09
      4.306               7.066         *************             8420385.09
      4.406               7.066         *************             8420385.09
      4.506               7.066         *************             8420385.09
      4.606               7.066         *************             8420385.09
      4.706               7.066         *************             8420385.09
      4.806               7.066         *************             8420385.09
      4.906               7.066         *************             8420385.09
      5.006               7.066         *************             8420385.09
      5.106               7.066         *************             8420385.09
      5.206               7.066         *************             8420385.09
      5.306               7.066         *************             8420385.09
      5.406               7.066         *************             8420385.09
      5.506               7.066         *************             8420385.09
      5.606               7.066         *************             8420385.09
      5.706               7.066         *************             8420385.09
      5.806               7.066         *************             8420385.09
      5.906               7.066         *************             8420385.09
      6.006               7.066         *************             8420385.09
      6.106               7.066         *************             8420385.09
      6.206               7.066         *************             8420385.09
      6.306               7.066         *************             8420385.09
      6.406               7.066         *************             8420385.09
      6.506               7.066         *************             8420385.09
      6.606               7.066         *************             8420385.09
      6.706               7.066         *************             8420385.09
      6.806               7.066         *************             8420385.09
      6.906               7.066         *************             8420385.09
      7.006               7.066         *************             8420385.09
      7.106               7.066         *************             8420385.09
      7.206               7.309         *************             9030635.33
      7.306               7.915         *************            10556258.98
      7.406               8.521         *************            12081087.06
      7.506               9.127         *************            13583565.48
      7.606               9.734         *************            14947143.44
      7.706              10.340         *************            15984232.69
      7.806              10.946         *************            16649599.54
      7.906              11.552         *************            17011164.93
      8.006              12.158         *************            17210088.61
      8.106              12.764         *************            17352140.62
      8.206              13.371         *************            17465184.84
      8.306              13.977         *************            17550353.43
      8.406              14.583         9268.79579222            17613283.43
      8.506              15.189         7055.28565403            17661419.59
      8.606              15.795         5176.43682578            17697533.34
      8.706              16.402         3486.32932310            17722852.02
      8.806              17.008         2194.15510026            17739286.91
      8.906              17.614         1332.66380355            17749408.66
      9.006              18.220          824.94521398            17755581.20
      9.106              18.826          559.78349383            17759564.48
      9.206              19.433          414.14634836            17762409.61
      9.306              20.039          313.58419968            17764550.13
      9.406              20.645          239.82422537            17766174.81
      9.506              21.251          187.01857221            17767435.49
      9.606              21.857          143.84468995            17768409.80
      9.706              22.463          111.57729189            17769161.05
      9.806              23.070           89.42454052            17769752.79
      9.906              23.676           75.18631109            17770239.46
     10.006              24.282           63.95457254            17770652.41
     10.106              24.888           55.06982089            17771005.62
     10.206              25.494           48.51423462            17771313.31
     10.306              26.101           43.97752791            17771588.57
     10.406              26.707           40.88636102            17771842.09
     10.506              27.313           38.17494105            17772078.24
     10.606              27.919           35.93961090            17772299.67
     10.706              28.525           34.20140622            17772509.32
     10.806              29.131           32.92720172            17772710.11
     10.906              29.738           32.05159066            17772904.60
     11.006              30.344           31.49286744            17773094.93
     11.106              30.950           30.97350886            17773282.19
     11.206              31.556           30.43931257            17773466.27
     11.306              32.162           29.91928782            17773647.18
     11.406              32.769           29.43812777            17773825.08
     11.506              33.375           29.01392831            17774000.28
     11.606              33.981           28.65786512            17774173.16
     11.706              34.587           28.38356621            17774344.19
     11.806              35.193           28.06059088            17774513.46
     11.906              35.800           27.66657317            17774680.56
     12.006              36.406           27.20077988            17774845.06
     12.106              37.012           26.66482620            17775006.53
     12.206              37.618           26.06267884            17775164.56
     12.306              38.224           25.40052705            17775318.78
     12.406              38.830           24.68653462            17775468.85
     12.506              39.437           23.93049344            17775614.49
     12.606              40.043           23.14340623            17775755.49
     12.706              40.649           22.33702827            17775891.70
     12.806              41.255           21.52339270            17776023.03
     12.906              41.861           20.71437219            17776149.50
     13.006              42.468           19.92122623            17776271.16
     13.106              43.074           19.15432429            17776388.14
     13.206              43.680           18.42277801            17776500.63
     13.306              44.286           17.73410866            17776608.87
     13.406              44.892           17.09526345            17776713.14
     13.506              45.498           16.50831100            17776813.75
     13.606              46.105           15.98216042            17776911.04
     13.706              46.711           15.51046926            17777005.32
     13.806              47.317           15.09611393            17777097.03
     13.906              47.923           14.66848858            17777186.20
     14.006              48.529           14.23248815            17777272.77
     14.106              49.136           13.79290626            17777356.72
     14.206              49.742           13.35432395            17777438.03
     14.306              50.348           12.92101456            17777516.72
     14.406              50.954           12.49686673            17777592.84
     14.506              51.560           12.08532642            17777666.46
     14.606              52.167           11.68935777            17777737.65
     14.706              52.773           11.31142223            17777806.53
     14.806              53.379           10.95347423            17777873.21
     14.906              53.985           10.61697172            17777937.81
     15.006              54.591           10.30289909            17778000.46
     15.106              55.197           10.01180031            17778061.31
     15.206              55.804            9.74381959            17778120.48
     15.306              56.410            9.49874732            17778178.13
     15.406              57.016            9.27606911            17778234.37
     15.506              57.622            9.07501573            17778289.36
     15.606              58.228            8.89461262            17778343.20
     15.706              58.835            8.73372719            17778396.03
     15.806              59.441            8.59111291            17778447.95
     15.906              60.047            8.46544962            17778499.08
     16.006              60.653            8.35537942            17778549.50
     16.106              61.259            8.25953711            17778599.31
     16.206              61.866            8.17657679            17778648.58
     16.306              62.472            8.10519350            17778697.40
     16.406              63.078            8.04413842            17778745.83
     16.506              63.684            7.99223340            17778793.92
     16.606              64.290            7.94838054            17778841.72
     16.706              64.896            7.91156224            17778889.29
     16.806              65.503            7.88085120            17778936.65
     16.906              66.109            7.85541135            17778983.85
     17.006              66.715            7.83447904            17779030.91
     17.106              67.321            7.81738596            17779077.86
     17.206              67.927            7.80355129            17779124.72
     17.306              68.534            7.79242494            17779171.50
     17.406              69.140            7.78357122            17779218.23
     17.506              69.746            7.77663580            17779264.90
     17.606              70.352            7.77119306            17779311.54
     17.706              70.958            7.76700899            17779358.16
     17.806              71.564            7.76396136            17779404.75
     17.906              72.171            7.76155936            17779451.32
     18.006              72.777            7.75980286            17779497.89
     18.106              73.383            7.75893818            17779544.44
     18.206              73.989            7.75787306            17779590.99
     18.306              74.595            7.75657884            17779637.54
     18.406              75.202            7.75502422            17779684.07
     18.506              75.808            7.75317509            17779730.60
     18.606              76.414            7.75099449            17779777.11
     18.706              77.020            7.74844248            17779823.61
     18.806              77.626            7.74547603            17779870.09
     18.906              78.233            7.74204898            17779916.55
     19.006              78.839            7.73811193            17779962.99
     19.106              79.445            7.73361222            17780009.40
     19.206              80.051            7.72849382            17780055.79
     19.306              80.657            7.72269737            17780102.14
     19.406              81.263            7.71616013            17780148.45
     19.506              81.870            7.70881596            17780194.73
     19.606              82.476            7.70059522            17780240.95
     19.706              83.082            7.69142488            17780287.13
     19.806              83.688            7.68122884            17780333.24
     19.906              84.294            7.66992770            17780379.29
     20.006              84.901            7.65743824            17780425.27
     20.106              85.507            7.64367368            17780471.17
     20.206              86.113            7.62854527            17780516.99
     20.306              86.719            7.61196279            17780562.70
     20.406              87.325            7.59383024            17780608.32
     20.506              87.932            7.57404544            17780653.81
     20.606              88.538            7.55250632            17780699.19
     20.706              89.144            7.52911988            17780744.43
     20.806              89.750            7.50378722            17780789.52
     20.906              90.356            7.47637557            17780834.45
     21.006              90.962            7.44675673            17780879.21
     21.106              91.569            7.41484663            17780923.79
     21.206              92.175            7.38062200            17780968.17
     21.306              92.781            7.34388034            17781012.33
     21.406              93.387            7.30431408            17781056.27
     21.506              93.993            7.26190380            17781099.95
     21.606              94.600            7.21686841            17781143.38
     21.706              95.206            7.16955888            17781186.52
     21.806              95.812            7.11794401            17781229.37
     21.906              96.418            7.06219942            17781271.90
     22.006              97.024            7.00400142            17781314.08
     22.106              97.630            6.94480750            17781355.91
     22.206              98.237            6.88591027            17781397.38
     22.306              98.843            6.80504790            17781438.43
     22.406              99.449            6.72910190            17781479.01
     22.506             100.055            6.65996701            17781519.15
     22.606             100.661            6.59780193            17781558.90
     22.706             101.268            6.54311475            17781598.31
     22.806             101.874            6.49398902            17781637.40
     22.906             102.480            6.44887201            17781676.22
     23.006             103.086            6.40654065            17781714.77
     23.106             103.692            6.37129227            17781753.08
     23.206             104.299            6.34529204            17781791.22
     23.306             104.905            6.31773796            17781829.20
     23.406             105.511            6.28860315            17781867.02
     23.506             106.117            6.25786478            17781904.65
     23.606             106.723            6.22550715            17781942.09
     23.706             107.329            6.19152349            17781979.33
     23.806             107.936            6.15590486            17782016.36
     23.906             108.542            6.11861519            17782053.17
     24.006             109.148            6.07964009            17782089.76
     24.106             109.754            6.03899369            17782126.10
     24.206             110.360            5.99671271            17782162.20
     24.306             110.967            5.95285147            17782198.03
     24.406             111.573            5.90726319            17782233.60
     24.506             112.179            5.85985096            17782268.89
     24.606             112.785            5.81080863            17782303.89
     24.706             113.391            5.76031505            17782338.59
     24.806             113.998            5.70853603            17782372.98
     24.906             114.604            5.65562490            17782407.06
     25.006             115.210            5.59887925            17782440.80
     25.106             115.816            5.54133084            17782474.21
     25.206             116.422            5.48341067            17782507.26
     25.306             117.028            5.42519984            17782539.97
     25.406             117.635            5.36677850            17782572.33
     25.506             118.241            5.30821905            17782604.34
     25.606             118.847            5.24958214            17782635.99
     25.706             119.453            5.19091655            17782667.30
     25.806             120.059            5.13231802            17782698.25
     25.906             120.666            5.07391798            17782728.85
     26.006             121.272            5.01579075            17782759.10
     26.106             121.878            4.95796305            17782789.01
     26.206             122.484            4.90042719            17782818.56
     26.306             123.090            4.84315159            17782847.78
     26.406             123.696            4.78641283            17782876.65
     26.506             124.303            4.73067337            17782905.18
     26.606             124.909            4.67565485            17782933.39
     26.706             125.515            4.62110625            17782961.26
     26.806             126.121            4.56681925            17782988.81
     26.906             126.727            4.51262219            17783016.03
     27.006             127.334            4.45979730            17783042.93
     27.106             127.940            4.41151568            17783069.53
     27.206             128.546            4.36221891            17783095.83
     27.306             129.152            4.31194378            17783121.84
     27.406             129.758            4.26072852            17783147.54
     27.506             130.365            4.20861274            17783172.94
     27.606             130.971            4.15563733            17783198.02
     27.706             131.577            4.10184434            17783222.77
     27.806             132.183            4.04727692            17783247.20
     27.906             132.789            3.99197916            17783271.30
     28.006             133.395            3.93599600            17783295.07
     28.106             134.002            3.87937315            17783318.50
     28.206             134.608            3.82215697            17783341.59
     28.306             135.214            3.76439433            17783364.33
     28.406             135.820            3.70613254            17783386.73
     28.506             136.426            3.64741924            17783408.77
     28.606             137.033            3.58830228            17783430.46
     28.706             137.639            3.52882962            17783451.79
     28.806             138.245            3.46904923            17783472.77
     28.906             138.851            3.40900901            17783493.38
     29.006             139.457            3.34875663            17783513.64
     29.106             140.064            3.28833951            17783533.53
     29.206             140.670            3.22780467            17783553.06
     29.306             141.276            3.16719867            17783572.23
     29.406             141.882            3.10656754            17783591.03
     29.506             142.488            3.04595669            17783609.47
     29.606             143.094            2.98541081            17783627.55
     29.706             143.701            2.92497371            17783645.26
     29.806             144.307            2.86468837            17783662.61
     29.906             144.913            2.80459685            17783679.60
     30.006             145.519            2.74474029            17783696.23
     30.106             146.125            2.68515882            17783712.50
     30.206             146.732            2.62589158            17783728.42
     30.306             147.338            2.56697629            17783743.98
     30.406             147.944            2.50844909            17783759.19
     30.506             148.550            2.45034516            17783774.05
     30.606             149.156            2.39269874            17783788.56
     30.706             149.762            2.33554297            17783802.73
     30.806             150.369            2.27890981            17783816.55
     30.906             150.975            2.22282996            17783830.04
     31.006             151.581            2.16733123            17783843.19
     31.106             152.187            2.11243672            17783856.02

  A total of   17783863.55 ppm.cm3 produced,
        from   17799478.54 ppm.cm3 injected:  99.912 percent returned.

OK - all done!!!
