Squeeze V - Near well squeeze treatment simulator


This is the MULTI-LAYER RADIAL model.

Well Geometry:

           0.50 feet        30  annuli, each  1.6500 feet of radius
          |<------>|
                                                   \    \    \    \
 (        +        )    )    )   . . . . . . . . .  |    |    |    |
                                                   /    /    /    /
 |<-- Well Bore -->|
          |<-------------------  50.00 feet ---------------------->|

Stage   Duration       Well Mode    Well  Rate    Well Conc.     Well Temp. 
 No.   (Hours/days)                  (Bpm/Bpd)  WatComp 1 (ppm)     (deg C)
-----  ------------  -------------  ----------  ---------------  ---------- 
  1           2.400  Inh.Injection       7.343	     150000.000	     111.000
  2          21.600  Water Inject        7.343	          0.000	     111.000
  3          12.000  Shut-in             0.000	          0.000	     111.000
  4           8.000  Production       7345.000	          0.000	     111.000

 Simulating ...

	Elapsed Time	Well Concentration  Cumulative Production     Recovered     Well Bottomhole Temp.
       (days)          Comp 1 (ppm)      Comp 1 (ppm.bbls)     Comp 1 (percent)          (deg C)      
    ------------    ------------------  ---------------------  ----------------  ----------------
          0.010               0.00000               0.00000              22.39719
          0.020               0.00000               0.00000              20.07770
          0.030               0.00000               0.00000              20.00644
          0.040               0.00000               0.00000              20.00185
          0.050               0.00000               0.00000              20.00108
          0.060               0.00000               0.00000              20.00090
          0.070               0.00000               0.00000              20.00086
          0.080               0.00000               0.00000              20.00085
          0.090               0.00000               0.00000              20.00085
          0.100               0.00000               0.00000              20.00085
          0.110               0.00000               0.00000              20.00085
          0.120               0.00000               0.00000              20.00085
          0.130               0.00000               0.00000              20.00085
          0.140               0.00000               0.00000              20.00085
          0.150               0.00000               0.00000              20.00085
          0.160               0.00000               0.00000              20.00085
          0.170               0.00000               0.00000              20.00085
          0.180               0.00000               0.00000              20.00085
          0.190               0.00000               0.00000              20.00085
          0.200               0.00000               0.00000              20.00085
          0.210               0.00000               0.00000              20.00085
          0.220               0.00000               0.00000              20.00085
          0.230               0.00000               0.00000              20.00085
          0.240               0.00000               0.00000              20.00085
          0.250               0.00000               0.00000              20.00085
          0.260               0.00000               0.00000              20.00085
          0.270               0.00000               0.00000              20.00085
          0.280               0.00000               0.00000              20.00085
          0.290               0.00000               0.00000              20.00085
          0.300               0.00000               0.00000              20.00085
          0.310               0.00000               0.00000              20.00085
          0.320               0.00000               0.00000              20.00085
          0.330               0.00000               0.00000              20.00085
          0.340               0.00000               0.00000              20.00085
          0.350               0.00000               0.00000              20.00085
          0.360               0.00000               0.00000              20.00085
          0.370               0.00000               0.00000              20.00085
          0.380               0.00000               0.00000              20.00085
          0.390               0.00000               0.00000              20.00085
          0.400               0.00000               0.00000              20.00085
          0.410               0.00000               0.00000              20.00085
          0.420               0.00000               0.00000              20.00085
          0.430               0.00000               0.00000              20.00085
          0.440               0.00000               0.00000              20.00085
          0.450               0.00000               0.00000              20.00085
          0.460               0.00000               0.00000              20.00085
          0.470               0.00000               0.00000              20.00085
          0.480               0.00000               0.00000              20.00085
          0.490               0.00000               0.00000              20.00085
          0.500               0.00000               0.00000              20.00085
          0.510               0.00000               0.00000              20.00085
          0.520               0.00000               0.00000              20.00085
          0.530               0.00000               0.00000              20.00085
          0.540               0.00000               0.00000              20.00085
          0.550               0.00000               0.00000              20.00085
          0.560               0.00000               0.00000              20.00085
          0.570               0.00000               0.00000              20.00085
          0.580               0.00000               0.00000              20.00085
          0.590               0.00000               0.00000              20.00085
          0.600               0.00000               0.00000              20.00085
          0.610               0.00000               0.00000              20.00085
          0.620               0.00000               0.00000              20.00085
          0.630               0.00000               0.00000              20.00085
          0.640               0.00000               0.00000              20.00085
          0.650               0.00000               0.00000              20.00085
          0.660               0.00000               0.00000              20.00085
          0.670               0.00000               0.00000              20.00085
          0.680               0.00000               0.00000              20.00085
          0.690               0.00000               0.00000              20.00085
          0.700               0.00000               0.00000              20.00085
          0.710               0.00000               0.00000              20.00085
          0.720               0.00000               0.00000              20.00085
          0.730               0.00000               0.00000              20.00085
          0.740               0.00000               0.00000              20.00085
          0.750               0.00000               0.00000              20.00085
          0.760               0.00000               0.00000              20.00085
          0.770               0.00000               0.00000              20.00085
          0.780               0.00000               0.00000              20.00085
          0.790               0.00000               0.00000              20.00085
          0.800               0.00000               0.00000              20.00085
          0.810               0.00000               0.00000              20.00085
          0.820               0.00000               0.00000              20.00085
          0.830               0.00000               0.00000              20.00085
          0.840               0.00000               0.00000              20.00085
          0.850               0.00000               0.00000              20.00085
          0.860               0.00000               0.00000              20.00085
          0.870               0.00000               0.00000              20.00085
          0.880               0.00000               0.00000              20.00085
          0.890               0.00000               0.00000              20.00085
          0.900               0.00000               0.00000              20.00085
          0.910               0.00000               0.00000              20.00085
          0.920               0.00000               0.00000              20.00085
          0.930               0.00000               0.00000              20.00085
          0.940               0.00000               0.00000              20.00085
          0.950               0.00000               0.00000              20.00085
          0.960               0.00000               0.00000              20.00085
          0.970               0.00000               0.00000              20.00085
          0.980               0.00000               0.00000              20.00085
          0.990               0.00000               0.00000              20.00085
          1.000               0.00000               0.00000              20.00085
          1.010               0.00000               0.00000              20.00550
          1.020               0.00000               0.00000              20.01067
          1.030               0.00000               0.00000              20.01584
          1.040               0.00000               0.00000              20.02101
          1.050               0.00000               0.00000              20.02618
          1.060               0.00000               0.00000              20.03135
          1.070               0.00000               0.00000              20.03652
          1.080               0.00000               0.00000              20.04168
          1.090               0.00000               0.00000              20.04685
          1.100               0.00000               0.00000              20.05202
          1.110               0.00000               0.00000              20.05719
          1.120               0.00000               0.00000              20.06235
          1.130               0.00000               0.00000              20.06752
          1.140               0.00000               0.00000              20.07269
          1.150               0.00000               0.00000              20.07785
          1.160               0.00000               0.00000              20.08302
          1.170               0.00000               0.00000              20.08819
          1.180               0.00000               0.00000              20.09335
          1.190               0.00000               0.00000              20.09852
          1.200               0.00000               0.00000              20.10368
          1.210               0.00000               0.00000              20.10885
          1.220               0.00000               0.00000              20.11401
          1.230               0.00000               0.00000              20.11917
          1.240               0.00000               0.00000              20.12434
          1.250               0.00000               0.00000              20.12950
          1.260               0.00000               0.00000              20.13466
          1.270               0.00000               0.00000              20.13983
          1.280               0.00000               0.00000              20.14499
          1.290               0.00000               0.00000              20.15015
          1.300               0.00000               0.00000              20.15531
          1.310               0.00000               0.00000              20.16047
          1.320               0.00000               0.00000              20.16563
          1.330               0.00000               0.00000              20.17080
          1.340               0.00000               0.00000              20.17596
          1.350               0.00000               0.00000              20.18112
          1.360               0.00000               0.00000              20.18628
          1.370               0.00000               0.00000              20.19144
          1.380               0.00000               0.00000              20.19660
          1.390               0.00000               0.00000              20.20175
          1.400               0.00000               0.00000              20.20691
          1.410               0.00000               0.00000              20.21207
          1.420               0.00000               0.00000              20.21723
          1.430               0.00000               0.00000              20.22239
          1.440               0.00000               0.00000              20.22755
          1.450               0.00000               0.00000              20.23270
          1.460               0.00000               0.00000              20.23786
          1.470               0.00000               0.00000              20.24302
          1.480               0.00000               0.00000              20.24817
          1.490               0.00000               0.00000              20.25333
          1.500               0.00000               0.00000              20.25849
          1.518               0.00000               0.00000              20.26844
          1.538               0.00000               0.00000              20.27838
          1.558               0.00000               0.00000              20.28802
          1.578               0.00000               0.00000              20.29751
          1.598               0.00000               0.00000              20.30691
          1.618               0.00000               0.00000              20.31625
          1.638               0.00000               0.00000              20.32555
          1.658               0.00000               0.00000              20.33486
          1.678               0.00000               0.00000              20.34423
          1.698               0.00000               0.00000              20.35378
          1.718               0.00000               0.00000              20.36366
          1.738               0.00000               0.00000              20.37416
          1.758               0.00000               0.00000              20.38565
          1.778               0.00000               0.00000              20.39867
          1.798               0.00000               0.00000              20.41395
          1.818               0.00000               0.00000              20.43241
          1.838               0.00000               0.00000              20.45520
          1.858               0.00000               0.00000              20.48374
          1.878               0.00000               0.00000              20.51968
          1.898               0.00000               0.00000              20.56493
          1.918               0.00000               0.00000              20.62167
          1.938               0.00000               0.00000              20.69228
          1.958               0.00000               0.00000              20.77939
          1.978               0.00000               0.00000              20.88578
          1.998               0.00000               0.00000              21.01440
          2.018               0.00000               0.00000              21.16828
          2.038               0.00000               0.00000              21.35054
          2.058               0.00000               0.00000              21.56429
          2.078               0.00000               0.00000              21.81262
          2.098               0.00000               0.00000              22.09855
          2.118               0.00000               0.00000              22.42494
          2.138               0.00000               0.00000              22.79452
          2.158               0.00000               0.00000              23.20979
          2.178               0.00000               0.00000              23.67301
          2.198               0.00000               0.00000              24.18616
          2.218               0.00000               0.00000              24.75092
          2.238               0.00000               0.00000              25.36865
          2.258               0.00000               0.00000              26.04037
          2.278               0.00000               0.00000              26.76675
          2.298               0.00000               0.00000              27.54811
          2.318               0.00000               0.00000              28.38440
          2.338               0.00000               0.00000              29.27524
          2.358               0.00000               0.00000              30.21991
          2.378               0.00000               0.00000              31.21734
          2.398               0.00000               0.00000              32.26618
          2.418               0.00000               0.00000              33.36476
          2.438               0.00000               0.00000              34.51116
          2.458               0.00000               0.00000              35.70321
          2.478               0.00000               0.00000              36.93849
          2.498               0.00000               0.00000              38.21443
          2.518               0.00000               0.00000              39.52824
          2.538               0.00000               0.00000              40.87704
          2.558               0.00000               0.00000              42.25778
          2.578               0.00000               0.00000              43.66737
          2.598               0.00000               0.00000              45.10260
          2.618               0.00000               0.00000              46.56027
          2.638               0.00000               0.00000              48.03714
          2.658               0.00000               0.00000              49.52996
          2.678               0.00000               0.00000              51.03553
          2.698               0.00000               0.00000              52.55068
          2.718               0.00000               0.00000              54.07230
          2.738               0.00000               0.00000              55.59737
          2.758               0.00000               0.00000              57.12293
          2.778               0.00000               0.00000              58.64616
          2.798               0.00000               0.00000              60.16434
          2.818               0.00000               0.00000              61.67484
          2.838               0.00000               0.00000              63.17521
          2.858               0.00000               0.00000              64.66310
          2.878               0.00000               0.00000              66.13632
          2.898               0.00000               0.00000              67.59280
          2.918               0.00000               0.00000              69.03065
          2.938               0.00000               0.00000              70.44808
          2.958               0.00000               0.00000              71.84349
          2.978               0.00000               0.00000              73.21541
          2.998               0.00000               0.00000              74.56249
          3.018               0.00000               0.00000              75.88355
          3.038               0.00000               0.00000              77.17753
          3.058               0.00000               0.00000              78.44352
          3.078               0.00000               0.00000              79.68071
          3.098               0.00000               0.00000              80.88844
          3.118               0.00000               0.00000              82.06616
          3.138               0.00000               0.00000              83.21343
          3.158               0.00000               0.00000              84.32991
          3.178               0.00000               0.00000              85.41538
          3.198               0.00000               0.00000              86.46970
          3.218               0.00000               0.00000              87.49283
          3.238               0.00000               0.00000              88.48480
          3.258               0.00000               0.00000              89.44573
          3.278               0.00000               0.00000              90.37581
          3.298               0.00000               0.00000              91.27528
          3.318               0.00000               0.00000              92.14447
          3.338               0.00000               0.00000              92.98375
          3.358               0.00000               0.00000              93.79352
          3.378               0.00000               0.00000              94.57426
          3.398               0.00000               0.00000              95.32648
          3.418               0.00000               0.00000              96.05070
          3.438               0.00000               0.00000              96.74749
          3.458               0.00000               0.00000              97.41746
          3.478               0.00000               0.00000              98.06123
          3.498               0.00000               0.00000              98.67942
          3.518               0.00000               0.00000              99.27270
          3.538               0.00000               0.00000              99.84172
          3.558               0.00000               0.00000             100.38717
          3.578               0.00000               0.00000             100.90973
          3.598               0.00000               0.00000             101.41007
          3.618               0.00000               0.00000             101.88889
          3.638               0.00000               0.00000             102.34687
          3.658               0.00000               0.00000             102.78469
          3.678               0.00000               0.00000             103.20304
          3.698               0.00000               0.00000             103.60257
          3.718               0.00000               0.00000             103.98396
          3.738               0.00000               0.00000             104.34785
          3.758               0.00000               0.00000             104.69490
          3.778               0.00000               0.00000             105.02573
          3.798               0.00000               0.00000             105.34096
          3.818               0.00000               0.00000             105.64121
          3.838               0.00000               0.00000             105.92705
          3.858               0.00000               0.00000             106.19908
          3.878               0.00000               0.00000             106.45786
          3.898               0.00000               0.00000             106.70393
          3.918               0.00000               0.00000             106.93783
          3.938               0.00000               0.00000             107.16007
          3.958               0.00000               0.00000             107.37117
          3.978               0.00000               0.00000             107.57160
          3.998               0.00000               0.00000             107.76184
          4.018               0.00000               0.00000             107.94234
          4.038               0.00000               0.00000             108.11354
          4.058               0.00000               0.00000             108.27587
          4.078               0.00000               0.00000             108.42974
          4.098               0.00000               0.00000             108.57553
          4.118               0.00000               0.00000             108.71363
          4.138               0.00000               0.00000             108.84440
          4.158               0.00000               0.00000             108.96820
          4.178               0.00000               0.00000             109.08535
          4.198               0.00000               0.00000             109.19619
          4.218               0.00000               0.00000             109.30102
          4.238               0.00000               0.00000             109.40013
          4.258               0.00000               0.00000             109.49382
          4.278               0.00000               0.00000             109.58236
          4.298               0.00000               0.00000             109.66600
          4.318               0.00000               0.00000             109.74499
          4.338               0.00000               0.00000             109.81958
          4.358               0.00000               0.00000             109.88998
          4.378               0.00000               0.00000             109.95642
          4.398               0.00000               0.00000             110.01910
          4.418               0.00000               0.00000             110.07822
          4.438               0.00000               0.00000             110.13396
          4.458               0.00000               0.00000             110.18651
          4.478               0.00000               0.00000             110.23604
          4.498               0.00000               0.00000             110.28271
          4.518               0.00000               0.00000             110.32667
          4.538               0.00000               0.00000             110.36807
          4.558               0.00000               0.00000             110.40705
          4.578               0.00000               0.00000             110.44374
          4.598               0.00000               0.00000             110.47827
          4.618               0.00000               0.00000             110.51076
          4.638               0.00000               0.00000             110.54132
          4.658               0.00000               0.00000             110.57006
          4.678               0.00000               0.00000             110.59708
          4.698               0.00000               0.00000             110.62248
          4.718               0.00000               0.00000             110.64635
          4.738               0.00000               0.00000             110.66877
          4.758               0.00000               0.00000             110.68984
          4.778               0.00000               0.00000             110.70962
          4.798               0.00000               0.00000             110.72820
          4.818               0.00000               0.00000             110.74564
          4.838               0.00000               0.00000             110.76200
          4.858               0.00000               0.00000             110.77736
          4.878               0.00000               0.00000             110.79176
          4.898               0.00000               0.00000             110.80527
          4.918               0.00000               0.00000             110.81794
          4.938               0.00000               0.00000             110.82982
          4.958               0.00000               0.00000             110.84095
          4.978               0.00000               0.00000             110.85138
          4.998               0.00000               0.00000             110.86116
          5.018               0.00000               0.00000             110.87031
          5.038               0.00000               0.00000             110.87889
          5.058               0.00000               0.00000             110.88691
          5.078               0.00000               0.00000             110.89443
          5.098               0.00000               0.00000             110.90146
          5.118               0.00000               0.00000             110.90805
          5.138               0.00000               0.00000             110.91421
          5.158               0.00000               0.00000             110.91997
          5.178               0.00000               0.00000             110.92535
          5.198               0.00000               0.00000             110.93039
          5.218               0.00000               0.00000             110.93510
          5.238               0.00000               0.00000             110.93950
          5.258               0.00000               0.00000             110.94361
          5.278               0.00000               0.00000             110.94745
          5.298               0.00000               0.00000             110.95104
          5.318               0.00000               0.00000             110.95439
          5.338               0.00000               0.00000             110.95752
          5.358               0.00000               0.00000             110.96044
          5.378               0.00000               0.00000             110.96317
          5.398               0.00000               0.00000             110.96571
          5.418               0.00000               0.00000             110.96809
          5.438               0.00000               0.00000             110.97030
          5.458               0.00000               0.00000             110.97237
          5.478               0.00000               0.00000             110.97430
          5.498               0.00000               0.00000             110.97609
          5.518               0.00000               0.00000             110.97776
          5.538               0.00000               0.00000             110.97933
          5.558               0.00000               0.00000             110.98078
          5.578               0.00000               0.00000             110.98213
          5.598               0.00000               0.00000             110.98340
          5.618               0.00000               0.00000             110.98457
          5.638               0.00000               0.00000             110.98566
          5.658               0.00000               0.00000             110.98668
          5.678               0.00000               0.00000             110.98763
          5.698               0.00000               0.00000             110.98851
          5.718               0.00000               0.00000             110.98933
          5.738               0.00000               0.00000             110.99010
          5.758               0.00000               0.00000             110.99081
          5.778               0.00000               0.00000             110.99147
          5.798               0.00000               0.00000             110.99208
          5.818               0.00000               0.00000             110.99266
          5.838               0.00000               0.00000             110.99319
          5.858               0.00000               0.00000             110.99368
          5.878               0.00000               0.00000             110.99414
          5.898               0.00000               0.00000             110.99457
          5.918               0.00000               0.00000             110.99496
          5.938               0.00000               0.00000             110.99533
          5.958               0.00000               0.00000             110.99567
          5.978               0.00000               0.00000             110.99599
          5.998               0.00000               0.00000             110.99628
          6.018               0.00000               0.00000             110.99656
          6.038               0.00000               0.00000             110.99681
          6.058               0.00000               0.00000             110.99704
          6.078               0.00000               0.00000             110.99726
          6.098               0.00000               0.00000             110.99747
          6.118               0.00000               0.00000             110.99765
          6.138               0.00000               0.00000             110.99783
          6.158               0.00000               0.00000             110.99799
          6.178               0.00000               0.00000             110.99814
          6.198               0.00000               0.00000             110.99828
          6.218               0.00000               0.00000             110.99841
          6.238               0.00000               0.00000             110.99853
          6.258               0.00000               0.00000             110.99864
          6.278               0.00000               0.00000             110.99874
          6.298               0.00000               0.00000             110.99883
          6.318               0.00000               0.00000             110.99892
          6.338               0.00000               0.00000             110.99900
          6.358               0.00000               0.00000             110.99908
          6.378               0.00000               0.00000             110.99915
          6.398               0.00000               0.00000             110.99921
          6.418               0.00000               0.00000             110.99927
          6.438               0.00000               0.00000             110.99933
          6.458               0.00000               0.00000             110.99938
          6.478               0.00000               0.00000             110.99943
          6.498               0.00000               0.00000             110.99947
          6.518               0.00000               0.00000             110.99951
          6.538               0.00000               0.00000             110.99955
          6.558               0.00000               0.00000             110.99958
          6.578               0.00000               0.00000             110.99961
          6.598               0.00000               0.00000             110.99964
          6.618               0.00000               0.00000             110.99967
          6.638               0.00000               0.00000             110.99970
          6.658               0.00000               0.00000             110.99972
          6.678               0.00000               0.00000             110.99974
          6.698               0.00000               0.00000             110.99976
          6.718               0.00000               0.00000             110.99978
          6.738               0.00000               0.00000             110.99980
          6.758               0.00000               0.00000             110.99981
          6.778               0.00000               0.00000             110.99983
          6.798               0.00000               0.00000             110.99984
          6.818               0.00000               0.00000             110.99985
          6.838               0.00000               0.00000             110.99986
          6.858               0.00000               0.00000             110.99988
          6.878               0.00000               0.00000             110.99989
          6.898               0.00000               0.00000             110.99989
          6.918               0.00000               0.00000             110.99990
          6.938               0.00000               0.00000             110.99991
          6.958               0.00000               0.00000             110.99992
          6.978               0.00000               0.00000             110.99992
          6.998               0.00000               0.00000             110.99993
          7.018               0.00000               0.00000             110.99994
          7.038               0.00000               0.00000             110.99994
          7.058               0.00000               0.00000             110.99994
          7.078               0.00000               0.00000             110.99995
          7.098               0.00000               0.00000             110.99995
          7.118               0.00000               0.00000             110.99996
          7.138               0.00000               0.00000             110.99996
          7.158               0.00000               0.00000             110.99996
          7.178               0.00000               0.00000             110.99997
          7.198               0.00000               0.00000             110.99997
          7.218               0.00000               0.00000             110.99997
          7.238               0.00000               0.00000             110.99997
          7.258               0.00000               0.00000             110.99998
          7.278               0.00000               0.00000             110.99998
          7.298               0.00000               0.00000             110.99998
          7.318               0.00000               0.00000             110.99998
          7.338               0.00000               0.00000             110.99998
          7.358               0.00000               0.00000             110.99998
          7.378               0.00000               0.00000             110.99999
          7.398               0.00000               0.00000             110.99999
          7.418               0.00000               0.00000             110.99999
          7.438               0.00000               0.00000             110.99999
          7.458               0.00000               0.00000             110.99999
          7.478               0.00000               0.00000             110.99999
          7.498               0.00000               0.00000             110.99999
          7.518               0.00000               0.00000             110.99999
          7.538               0.00000               0.00000             110.99999
          7.558               0.00000               0.00000             110.99999
          7.578               0.00000               0.00000             110.99999
          7.598               0.00000               0.00000             110.99999
          7.618               0.00000               0.00000             110.99999
          7.638               0.00000               0.00000             111.00000
          7.658               0.00000               0.00000             111.00000
          7.678               0.00000               0.00000             111.00000
          7.698               0.00000               0.00000             111.00000
          7.718               0.00000               0.00000             111.00000
          7.738               0.00000               0.00000             111.00000
          7.758               0.00000               0.00000             111.00000
          7.778               0.00000               0.00000             111.00000
          7.798               0.00000               0.00000             111.00000
          7.818               0.00000               0.00000             111.00000
          7.838               0.00000               0.00000             111.00000
          7.858               0.00000               0.00000             111.00000
          7.878               0.00000               0.00000             111.00000
          7.898               0.00000               0.00000             111.00000
          7.918               0.00000               0.00000             111.00000
          7.938               0.00000               0.00000             111.00000
          7.958               0.00000               0.00000             111.00000
          7.978               0.00000               0.00000             111.00000
          7.998               0.00000               0.00000             111.00000
          8.018               0.00000               0.00000             111.00000
          8.038               0.00000               0.00000             111.00000
          8.058               0.00000               0.00000             111.00000
          8.078               0.00000               0.00000             111.00000
          8.098               0.00000               0.00000             111.00000
          8.118               0.00000               0.00000             111.00000
          8.138               0.00000               0.00000             111.00000
          8.158               0.00000               0.00000             111.00000
          8.178               0.00000               0.00000             111.00000
          8.198               0.00000               0.00000             111.00000
          8.218               0.00000               0.00000             111.00000
          8.238               0.00000               0.00000             111.00000
          8.258               0.00000               0.00000             111.00000
          8.278               0.00000               0.00000             111.00000
          8.298               0.00000               0.00000             111.00000
          8.318               0.00000               0.00000             111.00000
          8.338               0.00000               0.00000             111.00000
          8.358               0.00000               0.00000             111.00000
          8.378               0.00000               0.00000             111.00000
          8.398               0.00000               0.00000             111.00000
          8.418               0.00000               0.00000             111.00000
          8.438               0.00000               0.00000             111.00000
          8.458               0.00000               0.00000             111.00000
          8.478               0.00000               0.00000             111.00000
          8.498               0.00000               0.00000             111.00000
          8.518               0.00000               0.00000             111.00000
          8.538               0.00000               0.00000             111.00000
          8.558               0.00000               0.00000             111.00000
          8.578               0.00000               0.00000             111.00000
          8.598               0.00000               0.00000             111.00000
          8.618               0.00000               0.00000             111.00000
          8.638               0.00000               0.00000             111.00000
          8.658               0.00000               0.00000             111.00000
          8.678               0.00000               0.00000             111.00000
          8.698               0.00000               0.00000             111.00000
          8.718               0.00000               0.00000             111.00000
          8.738               0.00000               0.00000             111.00000
          8.758               0.00000               0.00000             111.00000
          8.778               0.00000               0.00000             111.00000
          8.798               0.00000               0.00000             111.00000
          8.818               0.00000               0.00000             111.00000
          8.838               0.00000               0.00000             111.00000
          8.858               0.00000               0.00000             111.00000
          8.878               0.00000               0.00000             111.00000
          8.898               0.00000               0.00000             111.00000
          8.918               0.00000               0.00000             111.00000
          8.938               0.00000               0.00000             111.00000
          8.958               0.00000               0.00000             111.00000
          8.978               0.00000               0.00000             111.00000
          8.998               0.00000               0.00000             111.00000
          9.018               0.00000               0.00000             111.00000
          9.038               0.00000               0.00000             111.00000
          9.058               0.00000               0.00000             111.00000
          9.078               0.00000               0.00000             111.00000
          9.098               0.00000               0.00000             111.00000
          9.118               0.00000               0.00000             111.00000
          9.138               0.00000               0.00000             111.00000
          9.158               0.00000               0.00000             111.00000
          9.178               0.00000               0.00000             111.00000
          9.198               0.00000               0.00000             111.00000
          9.218               0.00000               0.00000             111.00000
          9.238               0.00000               0.00000             111.00000
          9.258               0.00000               0.00000             111.00000
          9.278               0.00000               0.00000             111.00000
          9.298               0.00000               0.00000             111.00000
          9.318               0.00000               0.00000             111.00000
          9.338               0.00000               0.00000             111.00000
          9.358               0.00000               0.00000             111.00000
          9.378               0.00000               0.00000             111.00000
          9.398               0.00000               0.00000             111.00000
          9.418               0.00000               0.00000             111.00000
          9.438               0.00000               0.00000             111.00000
          9.458               0.00000               0.00000             111.00000
          9.478               0.00000               0.00000             111.00000
          9.498               0.00000               0.00000             111.00000


... simulation complete.


